2023-11-01 11:40:16.380 [info] Added views:workbench.panel.markers.view in workbench.panel.markers
2023-11-01 11:40:16.380 [info] Added views:workbench.panel.output in workbench.panel.output
2023-11-01 11:40:16.380 [info] Added views:terminal in terminal
2023-11-01 11:40:16.380 [info] Added views:outline in workbench.view.explorer
2023-11-01 11:40:16.380 [info] Added views:workbench.scm in workbench.view.scm
2023-11-01 11:40:16.380 [info] Added views:workbench.view.search in workbench.view.search
2023-11-01 11:40:16.380 [info] Added views:timeline in workbench.view.explorer
2023-11-01 11:40:16.380 [info] Added views:workbench.explorer.emptyView in workbench.view.explorer
2023-11-01 11:40:22.463 [info] Added views:workbench.debug.variablesView,workbench.debug.watchExpressionsView,workbench.debug.callStackView,workbench.debug.breakPointsView in workbench.view.debug
2023-11-01 11:40:25.826 [info] Added views:makefile.outline in workbench.view.extension.makefile__viewContainer
2023-11-01 11:40:26.981 [info] Added views:workbench.panel.repl.view in workbench.panel.repl
2023-11-01 11:40:27.041 [info] Removed views:workbench.debug.breakPointsView,workbench.debug.callStackView,workbench.debug.watchExpressionsView,workbench.debug.variablesView from workbench.view.debug
2023-11-01 11:40:27.050 [info] Added views:workbench.debug.welcome in workbench.view.debug
2023-11-01 11:40:29.080 [info] Added views:~remote.forwardedPorts in ~remote.forwardedPortsContainer
2023-11-01 17:10:07.134 [info] Added views:workbench.panel.markers.view in workbench.panel.markers
2023-11-01 17:10:07.134 [info] Added views:workbench.panel.output in workbench.panel.output
2023-11-01 17:10:07.134 [info] Added views:terminal in terminal
2023-11-01 17:10:07.134 [info] Added views:outline in workbench.view.explorer
2023-11-01 17:10:07.134 [info] Added views:workbench.scm in workbench.view.scm
2023-11-01 17:10:07.134 [info] Added views:workbench.view.search in workbench.view.search
2023-11-01 17:10:07.134 [info] Added views:timeline in workbench.view.explorer
2023-11-01 17:10:07.134 [info] Added views:workbench.explorer.fileView in workbench.view.explorer
2023-11-01 17:10:16.618 [info] Added views:workbench.debug.variablesView,workbench.debug.watchExpressionsView,workbench.debug.callStackView,workbench.debug.breakPointsView in workbench.view.debug
2023-11-01 17:10:17.606 [info] Added views:workbench.panel.repl.view in workbench.panel.repl
2023-11-01 17:10:17.644 [info] Removed views:workbench.debug.breakPointsView,workbench.debug.callStackView,workbench.debug.watchExpressionsView,workbench.debug.variablesView from workbench.view.debug
2023-11-01 17:10:17.649 [info] Added views:workbench.debug.welcome in workbench.view.debug
2023-11-01 17:10:23.658 [info] Added views:~remote.forwardedPorts in ~remote.forwardedPortsContainer
2023-11-01 17:10:31.969 [info] Added views:makefile.outline in workbench.view.extension.makefile__viewContainer
