2023-09-13 13:15:42.023 [info] Log level: Info
2023-09-13 13:15:42.023 [info] Validating found git in: "git"
2023-09-13 13:15:42.023 [info] Using git "2.13.3" from "git"
2023-09-13 13:15:42.023 [info] > git rev-parse --show-toplevel [262ms]
2023-09-13 13:15:42.700 [info] > git rev-parse --git-dir --git-common-dir [661ms]
2023-09-13 13:15:42.788 [info] Open repository: /home/taki/fork_localunit
2023-09-13 13:15:43.519 [info] > git for-each-ref --format=%(refname)%00%(upstream:short)%00%(objectname)%00%(upstream:track) refs/heads/pdsensor refs/remotes/pdsensor [417ms]
2023-09-13 13:15:43.519 [info] > git rev-parse --show-toplevel [516ms]
2023-09-13 13:15:43.524 [info] > git config --get commit.template [531ms]
2023-09-13 13:15:43.761 [info] > git status -z -uall [200ms]
2023-09-13 13:15:43.761 [info] > git rev-parse --show-toplevel [106ms]
2023-09-13 13:15:44.085 [info] > git config --get commit.template [253ms]
2023-09-13 13:15:44.085 [info] > git rev-parse --show-toplevel [262ms]
2023-09-13 13:15:44.260 [info] > git for-each-ref --format=%(refname)%00%(upstream:short)%00%(objectname)%00%(upstream:track) refs/heads/pdsensor refs/remotes/pdsensor [115ms]
2023-09-13 13:15:44.296 [info] > git rev-parse --show-toplevel [128ms]
2023-09-13 13:15:44.327 [info] > git check-ignore -v -z --stdin [126ms]
2023-09-13 13:15:44.416 [info] > git status -z -uall [141ms]
2023-09-13 13:15:44.452 [info] > git rev-parse --show-toplevel [132ms]
2023-09-13 13:15:44.615 [info] > git rev-parse --show-toplevel [151ms]
2023-09-13 13:15:44.735 [info] > git rev-parse --show-toplevel [106ms]
2023-09-13 13:15:44.900 [info] > git rev-parse --show-toplevel [136ms]
2023-09-13 13:15:44.995 [info] > git rev-parse --show-toplevel [82ms]
2023-09-13 13:15:45.130 [info] > git rev-parse --show-toplevel [107ms]
2023-09-13 13:15:45.260 [info] > git rev-parse --show-toplevel [104ms]
2023-09-13 13:15:45.406 [info] > git rev-parse --show-toplevel [129ms]
2023-09-13 13:15:45.738 [info] > git rev-parse --show-toplevel [316ms]
2023-09-13 13:15:45.910 [info] > git rev-parse --show-toplevel [99ms]
2023-09-13 13:15:46.257 [info] > git rev-parse --show-toplevel [329ms]
2023-09-13 13:15:46.684 [info] > git rev-parse --show-toplevel [133ms]
2023-09-13 13:15:46.813 [info] > git rev-parse --show-toplevel [115ms]
2023-09-13 13:15:46.982 [info] > git rev-parse --show-toplevel [155ms]
2023-09-13 13:15:47.081 [info] > git rev-parse --show-toplevel [83ms]
2023-09-13 13:15:47.221 [info] > git rev-parse --show-toplevel [118ms]
2023-09-13 13:15:47.364 [info] > git rev-parse --show-toplevel [130ms]
2023-09-13 13:15:47.929 [info] > git rev-parse --show-toplevel [530ms]
2023-09-13 13:15:48.322 [info] > git rev-parse --show-toplevel [191ms]
2023-09-13 13:15:49.873 [info] > git rev-parse --show-toplevel [1052ms]
2023-09-13 13:15:50.527 [info] > git rev-parse --show-toplevel [183ms]
2023-09-13 13:15:55.064 [info] > git config --get commit.template [27ms]
2023-09-13 13:15:55.069 [info] > git for-each-ref --format=%(refname)%00%(upstream:short)%00%(objectname)%00%(upstream:track) refs/heads/pdsensor refs/remotes/pdsensor [17ms]
2023-09-13 13:15:55.120 [info] > git status -z -uall [47ms]
2023-09-13 13:16:00.193 [info] > git config --get commit.template [27ms]
2023-09-13 13:16:00.198 [info] > git for-each-ref --format=%(refname)%00%(upstream:short)%00%(objectname)%00%(upstream:track) refs/heads/pdsensor refs/remotes/pdsensor [25ms]
2023-09-13 13:16:00.259 [info] > git status -z -uall [58ms]
2023-09-13 13:16:05.326 [info] > git config --get commit.template [23ms]
2023-09-13 13:16:05.333 [info] > git for-each-ref --format=%(refname)%00%(upstream:short)%00%(objectname)%00%(upstream:track) refs/heads/pdsensor refs/remotes/pdsensor [22ms]
2023-09-13 13:16:05.401 [info] > git status -z -uall [65ms]
2023-09-13 13:16:12.327 [info] > git config --get commit.template [30ms]
2023-09-13 13:16:12.332 [info] > git for-each-ref --format=%(refname)%00%(upstream:short)%00%(objectname)%00%(upstream:track) refs/heads/pdsensor refs/remotes/pdsensor [23ms]
2023-09-13 13:16:12.363 [info] > git status -z -uall [27ms]
2023-09-13 13:16:17.443 [info] > git config --get commit.template [57ms]
2023-09-13 13:16:17.459 [info] > git for-each-ref --format=%(refname)%00%(upstream:short)%00%(objectname)%00%(upstream:track) refs/heads/pdsensor refs/remotes/pdsensor [53ms]
2023-09-13 13:16:17.506 [info] > git status -z -uall [43ms]
2023-09-13 13:16:21.537 [info] > git show --textconv :sdk/src/main.c [143ms]
2023-09-13 13:16:21.596 [info] > git ls-files --stage -- /home/taki/fork_localunit/sdk/src/main.c [131ms]
2023-09-13 13:16:21.736 [info] > git cat-file -s c8801d86d5e12b5ea4df57e0673cc51d92a75df4 [114ms]
2023-09-13 13:16:23.919 [info] > git config --get commit.template [26ms]
2023-09-13 13:16:23.923 [info] > git for-each-ref --format=%(refname)%00%(upstream:short)%00%(objectname)%00%(upstream:track) refs/heads/pdsensor refs/remotes/pdsensor [22ms]
2023-09-13 13:16:23.951 [info] > git status -z -uall [24ms]
2023-09-13 13:16:29.077 [info] > git config --get commit.template [75ms]
2023-09-13 13:16:29.084 [info] > git for-each-ref --format=%(refname)%00%(upstream:short)%00%(objectname)%00%(upstream:track) refs/heads/pdsensor refs/remotes/pdsensor [43ms]
2023-09-13 13:16:29.126 [info] > git status -z -uall [37ms]
2023-09-13 13:16:30.487 [info] > git ls-files --stage -- /home/taki/fork_localunit/sdk/src/main.c [31ms]
2023-09-13 13:16:30.521 [info] > git cat-file -s c8801d86d5e12b5ea4df57e0673cc51d92a75df4 [25ms]
2023-09-13 13:16:30.553 [info] > git show --textconv :sdk/src/main.c [18ms]
2023-09-13 13:16:34.187 [info] > git config --get commit.template [25ms]
2023-09-13 13:16:34.208 [info] > git for-each-ref --format=%(refname)%00%(upstream:short)%00%(objectname)%00%(upstream:track) refs/heads/pdsensor refs/remotes/pdsensor [41ms]
2023-09-13 13:16:34.242 [info] > git status -z -uall [30ms]
2023-09-13 13:16:39.315 [info] > git config --get commit.template [40ms]
2023-09-13 13:16:39.324 [info] > git for-each-ref --format=%(refname)%00%(upstream:short)%00%(objectname)%00%(upstream:track) refs/heads/pdsensor refs/remotes/pdsensor [38ms]
2023-09-13 13:16:39.358 [info] > git status -z -uall [29ms]
2023-09-13 13:16:44.422 [info] > git config --get commit.template [25ms]
2023-09-13 13:16:44.428 [info] > git for-each-ref --format=%(refname)%00%(upstream:short)%00%(objectname)%00%(upstream:track) refs/heads/pdsensor refs/remotes/pdsensor [25ms]
2023-09-13 13:16:44.463 [info] > git status -z -uall [28ms]
2023-09-13 13:16:45.738 [info] > git ls-files --stage -- /home/taki/fork_localunit/sdk/src/main.c [15ms]
2023-09-13 13:16:45.793 [info] > git cat-file -s c8801d86d5e12b5ea4df57e0673cc51d92a75df4 [38ms]
2023-09-13 13:16:45.821 [info] > git show --textconv :sdk/src/main.c [14ms]
2023-09-13 13:16:49.604 [info] > git config --get commit.template [83ms]
2023-09-13 13:16:49.611 [info] > git for-each-ref --format=%(refname)%00%(upstream:short)%00%(objectname)%00%(upstream:track) refs/heads/pdsensor refs/remotes/pdsensor [86ms]
2023-09-13 13:16:49.642 [info] > git status -z -uall [24ms]
2023-09-13 13:16:54.726 [info] > git config --get commit.template [29ms]
2023-09-13 13:16:54.730 [info] > git for-each-ref --format=%(refname)%00%(upstream:short)%00%(objectname)%00%(upstream:track) refs/heads/pdsensor refs/remotes/pdsensor [24ms]
2023-09-13 13:16:54.756 [info] > git status -z -uall [22ms]
2023-09-13 13:16:59.814 [info] > git config --get commit.template [27ms]
2023-09-13 13:16:59.820 [info] > git for-each-ref --format=%(refname)%00%(upstream:short)%00%(objectname)%00%(upstream:track) refs/heads/pdsensor refs/remotes/pdsensor [25ms]
2023-09-13 13:16:59.845 [info] > git status -z -uall [22ms]
2023-09-13 13:17:33.493 [info] > git config --get commit.template [25ms]
2023-09-13 13:17:33.498 [info] > git for-each-ref --format=%(refname)%00%(upstream:short)%00%(objectname)%00%(upstream:track) refs/heads/pdsensor refs/remotes/pdsensor [23ms]
2023-09-13 13:17:33.521 [info] > git status -z -uall [19ms]
2023-09-13 13:18:00.176 [info] > git config --get commit.template [23ms]
2023-09-13 13:18:00.188 [info] > git for-each-ref --format=%(refname)%00%(upstream:short)%00%(objectname)%00%(upstream:track) refs/heads/pdsensor refs/remotes/pdsensor [25ms]
2023-09-13 13:18:00.213 [info] > git status -z -uall [21ms]
2023-09-13 13:18:01.487 [info] > git ls-files --stage -- /home/taki/fork_localunit/sdk/src/main.c [15ms]
2023-09-13 13:18:01.507 [info] > git cat-file -s c8801d86d5e12b5ea4df57e0673cc51d92a75df4 [17ms]
2023-09-13 13:18:01.542 [info] > git show --textconv :sdk/src/main.c [23ms]
2023-09-13 13:18:05.264 [info] > git config --get commit.template [22ms]
2023-09-13 13:18:05.271 [info] > git for-each-ref --format=%(refname)%00%(upstream:short)%00%(objectname)%00%(upstream:track) refs/heads/pdsensor refs/remotes/pdsensor [22ms]
2023-09-13 13:18:05.304 [info] > git status -z -uall [29ms]
2023-09-13 13:18:12.487 [info] > git config --get commit.template [22ms]
2023-09-13 13:18:12.490 [info] > git for-each-ref --format=%(refname)%00%(upstream:short)%00%(objectname)%00%(upstream:track) refs/heads/pdsensor refs/remotes/pdsensor [19ms]
2023-09-13 13:18:12.515 [info] > git status -z -uall [21ms]
2023-09-13 13:18:13.779 [info] > git ls-files --stage -- /home/taki/fork_localunit/sdk/src/main.c [10ms]
2023-09-13 13:18:13.793 [info] > git cat-file -s c8801d86d5e12b5ea4df57e0673cc51d92a75df4 [10ms]
2023-09-13 13:18:13.809 [info] > git show --textconv :sdk/src/main.c [10ms]
2023-09-13 13:18:17.561 [info] > git config --get commit.template [21ms]
2023-09-13 13:18:17.564 [info] > git for-each-ref --format=%(refname)%00%(upstream:short)%00%(objectname)%00%(upstream:track) refs/heads/pdsensor refs/remotes/pdsensor [19ms]
2023-09-13 13:18:17.586 [info] > git status -z -uall [18ms]
2023-09-13 13:18:27.107 [info] > git config --get commit.template [31ms]
2023-09-13 13:18:27.114 [info] > git for-each-ref --format=%(refname)%00%(upstream:short)%00%(objectname)%00%(upstream:track) refs/heads/pdsensor refs/remotes/pdsensor [27ms]
2023-09-13 13:18:27.145 [info] > git status -z -uall [22ms]
2023-09-13 13:18:33.710 [info] > git config --get commit.template [19ms]
2023-09-13 13:18:33.713 [info] > git for-each-ref --format=%(refname)%00%(upstream:short)%00%(objectname)%00%(upstream:track) refs/heads/pdsensor refs/remotes/pdsensor [17ms]
2023-09-13 13:18:33.734 [info] > git status -z -uall [18ms]
2023-09-13 13:18:40.666 [info] > git check-ignore -v -z --stdin [22ms]
2023-09-13 13:18:44.653 [info] > git ls-files --stage -- /home/taki/fork_localunit/sdk/src/sensorcomm.c [76ms]
2023-09-13 13:18:44.682 [info] > git show --textconv :sdk/src/sensorcomm.c [117ms]
2023-09-13 13:18:44.805 [info] > git cat-file -s 569410310355b6261ba221e9a758c877f5d8bd8d [131ms]
2023-09-13 13:18:45.666 [info] > git config --get commit.template [132ms]
2023-09-13 13:18:45.681 [info] > git for-each-ref --format=%(refname)%00%(upstream:short)%00%(objectname)%00%(upstream:track) refs/heads/pdsensor refs/remotes/pdsensor [109ms]
2023-09-13 13:18:45.882 [info] > git status -z -uall [185ms]
2023-09-13 13:18:50.931 [info] > git config --get commit.template [21ms]
2023-09-13 13:18:50.934 [info] > git for-each-ref --format=%(refname)%00%(upstream:short)%00%(objectname)%00%(upstream:track) refs/heads/pdsensor refs/remotes/pdsensor [18ms]
2023-09-13 13:18:50.955 [info] > git status -z -uall [17ms]
2023-09-13 13:18:57.412 [info] > git config --get commit.template [31ms]
2023-09-13 13:18:57.429 [info] > git for-each-ref --format=%(refname)%00%(upstream:short)%00%(objectname)%00%(upstream:track) refs/heads/pdsensor refs/remotes/pdsensor [41ms]
2023-09-13 13:18:57.506 [info] > git status -z -uall [67ms]
2023-09-13 13:19:06.818 [info] > git config --get commit.template [79ms]
2023-09-13 13:19:06.830 [info] > git for-each-ref --format=%(refname)%00%(upstream:short)%00%(objectname)%00%(upstream:track) refs/heads/pdsensor refs/remotes/pdsensor [71ms]
2023-09-13 13:19:06.878 [info] > git status -z -uall [40ms]
2023-09-13 13:19:08.196 [info] > git ls-files --stage -- /home/taki/fork_localunit/sdk/src/main.c [29ms]
2023-09-13 13:19:08.206 [info] > git ls-files --stage -- /home/taki/fork_localunit/sdk/src/sensorcomm.c [27ms]
2023-09-13 13:19:08.225 [info] > git cat-file -s c8801d86d5e12b5ea4df57e0673cc51d92a75df4 [24ms]
2023-09-13 13:19:08.236 [info] > git cat-file -s 569410310355b6261ba221e9a758c877f5d8bd8d [25ms]
2023-09-13 13:19:08.257 [info] > git show --textconv :sdk/src/main.c [25ms]
2023-09-13 13:19:08.267 [info] > git show --textconv :sdk/src/sensorcomm.c [22ms]
2023-09-13 13:19:11.927 [info] > git config --get commit.template [22ms]
2023-09-13 13:19:11.930 [info] > git for-each-ref --format=%(refname)%00%(upstream:short)%00%(objectname)%00%(upstream:track) refs/heads/pdsensor refs/remotes/pdsensor [19ms]
2023-09-13 13:19:11.978 [info] > git status -z -uall [40ms]
2023-09-13 13:19:13.399 [info] > git ls-files --stage -- /home/taki/fork_localunit/sdk/src/main.c [33ms]
2023-09-13 13:19:13.408 [info] > git ls-files --stage -- /home/taki/fork_localunit/sdk/src/sensorcomm.c [32ms]
2023-09-13 13:19:13.438 [info] > git cat-file -s c8801d86d5e12b5ea4df57e0673cc51d92a75df4 [30ms]
2023-09-13 13:19:13.461 [info] > git cat-file -s 569410310355b6261ba221e9a758c877f5d8bd8d [40ms]
2023-09-13 13:19:13.489 [info] > git show --textconv :sdk/src/main.c [40ms]
2023-09-13 13:19:13.498 [info] > git show --textconv :sdk/src/sensorcomm.c [27ms]
2023-09-13 13:19:17.067 [info] > git config --get commit.template [22ms]
2023-09-13 13:19:17.071 [info] > git for-each-ref --format=%(refname)%00%(upstream:short)%00%(objectname)%00%(upstream:track) refs/heads/pdsensor refs/remotes/pdsensor [21ms]
2023-09-13 13:19:17.099 [info] > git status -z -uall [25ms]
2023-09-13 13:19:18.430 [info] > git ls-files --stage -- /home/taki/fork_localunit/sdk/src/main.c [59ms]
2023-09-13 13:19:18.442 [info] > git ls-files --stage -- /home/taki/fork_localunit/sdk/src/sensorcomm.c [61ms]
2023-09-13 13:19:18.509 [info] > git cat-file -s c8801d86d5e12b5ea4df57e0673cc51d92a75df4 [72ms]
2023-09-13 13:19:18.521 [info] > git cat-file -s 569410310355b6261ba221e9a758c877f5d8bd8d [56ms]
2023-09-13 13:19:18.544 [info] > git show --textconv :sdk/src/main.c [27ms]
2023-09-13 13:19:18.552 [info] > git show --textconv :sdk/src/sensorcomm.c [24ms]
2023-09-13 13:19:22.160 [info] > git config --get commit.template [27ms]
2023-09-13 13:19:22.164 [info] > git for-each-ref --format=%(refname)%00%(upstream:short)%00%(objectname)%00%(upstream:track) refs/heads/pdsensor refs/remotes/pdsensor [22ms]
2023-09-13 13:19:22.184 [info] > git status -z -uall [16ms]
2023-09-13 13:19:27.228 [info] > git config --get commit.template [27ms]
2023-09-13 13:19:27.231 [info] > git for-each-ref --format=%(refname)%00%(upstream:short)%00%(objectname)%00%(upstream:track) refs/heads/pdsensor refs/remotes/pdsensor [21ms]
2023-09-13 13:19:27.259 [info] > git status -z -uall [20ms]
2023-09-13 13:19:32.289 [info] > git config --get commit.template [21ms]
2023-09-13 13:19:32.292 [info] > git for-each-ref --format=%(refname)%00%(upstream:short)%00%(objectname)%00%(upstream:track) refs/heads/pdsensor refs/remotes/pdsensor [18ms]
2023-09-13 13:19:32.313 [info] > git status -z -uall [17ms]
2023-09-13 13:19:37.410 [info] > git config --get commit.template [70ms]
2023-09-13 13:19:37.415 [info] > git for-each-ref --format=%(refname)%00%(upstream:short)%00%(objectname)%00%(upstream:track) refs/heads/pdsensor refs/remotes/pdsensor [67ms]
2023-09-13 13:19:37.549 [info] > git status -z -uall [128ms]
2023-09-13 13:19:42.599 [info] > git config --get commit.template [25ms]
2023-09-13 13:19:42.603 [info] > git for-each-ref --format=%(refname)%00%(upstream:short)%00%(objectname)%00%(upstream:track) refs/heads/pdsensor refs/remotes/pdsensor [21ms]
2023-09-13 13:19:42.625 [info] > git status -z -uall [18ms]
2023-09-13 13:19:49.800 [info] > git config --get commit.template [23ms]
2023-09-13 13:19:49.811 [info] > git for-each-ref --format=%(refname)%00%(upstream:short)%00%(objectname)%00%(upstream:track) refs/heads/pdsensor refs/remotes/pdsensor [28ms]
2023-09-13 13:19:49.889 [info] > git status -z -uall [72ms]
2023-09-13 13:20:03.284 [info] > git config --get commit.template [23ms]
2023-09-13 13:20:03.290 [info] > git for-each-ref --format=%(refname)%00%(upstream:short)%00%(objectname)%00%(upstream:track) refs/heads/pdsensor refs/remotes/pdsensor [24ms]
2023-09-13 13:20:03.319 [info] > git status -z -uall [24ms]
2023-09-13 13:20:04.602 [info] > git ls-files --stage -- /home/taki/fork_localunit/sdk/src/main.c [24ms]
2023-09-13 13:20:04.609 [info] > git ls-files --stage -- /home/taki/fork_localunit/sdk/src/sensorcomm.c [24ms]
2023-09-13 13:20:04.632 [info] > git cat-file -s c8801d86d5e12b5ea4df57e0673cc51d92a75df4 [23ms]
2023-09-13 13:20:04.646 [info] > git cat-file -s 569410310355b6261ba221e9a758c877f5d8bd8d [28ms]
2023-09-13 13:20:04.670 [info] > git show --textconv :sdk/src/main.c [31ms]
2023-09-13 13:20:04.685 [info] > git show --textconv :sdk/src/sensorcomm.c [31ms]
2023-09-13 13:20:08.362 [info] > git config --get commit.template [21ms]
2023-09-13 13:20:08.366 [info] > git for-each-ref --format=%(refname)%00%(upstream:short)%00%(objectname)%00%(upstream:track) refs/heads/pdsensor refs/remotes/pdsensor [20ms]
2023-09-13 13:20:08.388 [info] > git status -z -uall [19ms]
2023-09-13 13:20:11.050 [info] > git check-ignore -v -z --stdin [88ms]
2023-09-13 13:20:11.899 [info] > git check-ignore -v -z --stdin [155ms]
2023-09-13 13:20:12.876 [info] > git check-ignore -v -z --stdin [11ms]
2023-09-13 13:20:14.916 [info] > git config --get commit.template [55ms]
2023-09-13 13:20:14.921 [info] > git for-each-ref --format=%(refname)%00%(upstream:short)%00%(objectname)%00%(upstream:track) refs/heads/pdsensor refs/remotes/pdsensor [44ms]
2023-09-13 13:20:14.949 [info] > git status -z -uall [23ms]
2023-09-13 13:20:16.231 [info] > git ls-files --stage -- /home/taki/fork_localunit/sdk/src/main.c [22ms]
2023-09-13 13:20:16.238 [info] > git ls-files --stage -- /home/taki/fork_localunit/sdk/src/sensorcomm.c [22ms]
2023-09-13 13:20:16.258 [info] > git cat-file -s c8801d86d5e12b5ea4df57e0673cc51d92a75df4 [21ms]
2023-09-13 13:20:16.268 [info] > git cat-file -s 569410310355b6261ba221e9a758c877f5d8bd8d [25ms]
2023-09-13 13:20:16.291 [info] > git show --textconv :sdk/src/main.c [24ms]
2023-09-13 13:20:16.300 [info] > git show --textconv :sdk/src/sensorcomm.c [24ms]
2023-09-13 13:20:19.998 [info] > git config --get commit.template [20ms]
2023-09-13 13:20:20.001 [info] > git for-each-ref --format=%(refname)%00%(upstream:short)%00%(objectname)%00%(upstream:track) refs/heads/pdsensor refs/remotes/pdsensor [18ms]
2023-09-13 13:20:20.023 [info] > git status -z -uall [18ms]
2023-09-13 13:20:25.067 [info] > git config --get commit.template [22ms]
2023-09-13 13:20:25.070 [info] > git for-each-ref --format=%(refname)%00%(upstream:short)%00%(objectname)%00%(upstream:track) refs/heads/pdsensor refs/remotes/pdsensor [19ms]
2023-09-13 13:20:25.096 [info] > git status -z -uall [17ms]
2023-09-13 13:20:25.318 [info] > git check-ignore -v -z --stdin [12ms]
2023-09-13 13:20:30.011 [info] > git check-ignore -v -z --stdin [19ms]
2023-09-13 13:20:31.643 [info] > git config --get commit.template [21ms]
2023-09-13 13:20:31.646 [info] > git for-each-ref --format=%(refname)%00%(upstream:short)%00%(objectname)%00%(upstream:track) refs/heads/pdsensor refs/remotes/pdsensor [18ms]
2023-09-13 13:20:31.670 [info] > git status -z -uall [19ms]
2023-09-13 13:20:36.723 [info] > git config --get commit.template [20ms]
2023-09-13 13:20:36.726 [info] > git for-each-ref --format=%(refname)%00%(upstream:short)%00%(objectname)%00%(upstream:track) refs/heads/pdsensor refs/remotes/pdsensor [19ms]
2023-09-13 13:20:36.749 [info] > git status -z -uall [19ms]
2023-09-13 13:20:42.891 [info] > git config --get commit.template [22ms]
2023-09-13 13:20:42.896 [info] > git for-each-ref --format=%(refname)%00%(upstream:short)%00%(objectname)%00%(upstream:track) refs/heads/pdsensor refs/remotes/pdsensor [20ms]
2023-09-13 13:20:42.921 [info] > git status -z -uall [21ms]
2023-09-13 13:20:44.235 [info] > git ls-files --stage -- /home/taki/fork_localunit/sdk/src/sensorcomm.c [23ms]
2023-09-13 13:20:44.244 [info] > git ls-files --stage -- /home/taki/fork_localunit/sdk/src/main.c [40ms]
2023-09-13 13:20:44.300 [info] > git cat-file -s 569410310355b6261ba221e9a758c877f5d8bd8d [56ms]
2023-09-13 13:20:44.310 [info] > git cat-file -s c8801d86d5e12b5ea4df57e0673cc51d92a75df4 [61ms]
2023-09-13 13:20:44.342 [info] > git show --textconv :sdk/src/sensorcomm.c [33ms]
2023-09-13 13:20:44.350 [info] > git show --textconv :sdk/src/main.c [28ms]
2023-09-13 13:20:47.987 [info] > git config --get commit.template [38ms]
2023-09-13 13:20:47.990 [info] > git for-each-ref --format=%(refname)%00%(upstream:short)%00%(objectname)%00%(upstream:track) refs/heads/pdsensor refs/remotes/pdsensor [30ms]
2023-09-13 13:20:48.013 [info] > git status -z -uall [19ms]
2023-09-13 13:20:55.192 [info] > git config --get commit.template [28ms]
2023-09-13 13:20:55.195 [info] > git for-each-ref --format=%(refname)%00%(upstream:short)%00%(objectname)%00%(upstream:track) refs/heads/pdsensor refs/remotes/pdsensor [26ms]
2023-09-13 13:20:55.237 [info] > git status -z -uall [38ms]
2023-09-13 13:20:56.561 [info] > git ls-files --stage -- /home/taki/fork_localunit/sdk/src/main.c [27ms]
2023-09-13 13:20:56.574 [info] > git ls-files --stage -- /home/taki/fork_localunit/sdk/src/sensorcomm.c [28ms]
2023-09-13 13:20:56.599 [info] > git cat-file -s c8801d86d5e12b5ea4df57e0673cc51d92a75df4 [30ms]
2023-09-13 13:20:56.632 [info] > git cat-file -s 569410310355b6261ba221e9a758c877f5d8bd8d [52ms]
2023-09-13 13:20:56.662 [info] > git show --textconv :sdk/src/main.c [39ms]
2023-09-13 13:20:56.677 [info] > git show --textconv :sdk/src/sensorcomm.c [35ms]
2023-09-13 13:21:00.294 [info] > git config --get commit.template [27ms]
2023-09-13 13:21:00.302 [info] > git for-each-ref --format=%(refname)%00%(upstream:short)%00%(objectname)%00%(upstream:track) refs/heads/pdsensor refs/remotes/pdsensor [24ms]
2023-09-13 13:21:00.326 [info] > git status -z -uall [20ms]
2023-09-13 13:21:10.013 [info] > git config --get commit.template [24ms]
2023-09-13 13:21:10.018 [info] > git for-each-ref --format=%(refname)%00%(upstream:short)%00%(objectname)%00%(upstream:track) refs/heads/pdsensor refs/remotes/pdsensor [24ms]
2023-09-13 13:21:10.047 [info] > git status -z -uall [24ms]
2023-09-13 13:21:25.936 [info] > git config --get commit.template [25ms]
2023-09-13 13:21:25.942 [info] > git for-each-ref --format=%(refname)%00%(upstream:short)%00%(objectname)%00%(upstream:track) refs/heads/pdsensor refs/remotes/pdsensor [21ms]
2023-09-13 13:21:25.966 [info] > git status -z -uall [19ms]
2023-09-13 13:21:33.811 [info] > git config --get commit.template [21ms]
2023-09-13 13:21:33.815 [info] > git for-each-ref --format=%(refname)%00%(upstream:short)%00%(objectname)%00%(upstream:track) refs/heads/pdsensor refs/remotes/pdsensor [17ms]
2023-09-13 13:21:33.839 [info] > git status -z -uall [20ms]
2023-09-13 13:21:41.276 [info] > git config --get commit.template [29ms]
2023-09-13 13:21:41.281 [info] > git for-each-ref --format=%(refname)%00%(upstream:short)%00%(objectname)%00%(upstream:track) refs/heads/pdsensor refs/remotes/pdsensor [18ms]
2023-09-13 13:21:41.306 [info] > git status -z -uall [22ms]
2023-09-13 13:21:42.609 [info] > git ls-files --stage -- /home/taki/fork_localunit/sdk/src/main.c [37ms]
2023-09-13 13:21:42.616 [info] > git ls-files --stage -- /home/taki/fork_localunit/sdk/src/sensorcomm.c [29ms]
2023-09-13 13:21:42.638 [info] > git cat-file -s c8801d86d5e12b5ea4df57e0673cc51d92a75df4 [22ms]
2023-09-13 13:21:42.647 [info] > git cat-file -s 569410310355b6261ba221e9a758c877f5d8bd8d [25ms]
2023-09-13 13:21:42.669 [info] > git show --textconv :sdk/src/main.c [23ms]
2023-09-13 13:21:42.677 [info] > git show --textconv :sdk/src/sensorcomm.c [21ms]
2023-09-13 13:21:46.370 [info] > git config --get commit.template [27ms]
2023-09-13 13:21:46.373 [info] > git for-each-ref --format=%(refname)%00%(upstream:short)%00%(objectname)%00%(upstream:track) refs/heads/pdsensor refs/remotes/pdsensor [21ms]
2023-09-13 13:21:46.396 [info] > git status -z -uall [19ms]
2023-09-13 13:21:55.953 [info] > git config --get commit.template [24ms]
2023-09-13 13:21:55.958 [info] > git for-each-ref --format=%(refname)%00%(upstream:short)%00%(objectname)%00%(upstream:track) refs/heads/pdsensor refs/remotes/pdsensor [23ms]
2023-09-13 13:21:55.985 [info] > git status -z -uall [23ms]
2023-09-13 13:25:07.767 [info] > git config --get commit.template [48ms]
2023-09-13 13:25:07.770 [info] > git for-each-ref --format=%(refname)%00%(upstream:short)%00%(objectname)%00%(upstream:track) refs/heads/pdsensor refs/remotes/pdsensor [40ms]
2023-09-13 13:25:07.801 [info] > git status -z -uall [27ms]
2023-09-13 13:25:09.082 [info] > git ls-files --stage -- /home/taki/fork_localunit/sdk/src/main.c [31ms]
2023-09-13 13:25:09.092 [info] > git ls-files --stage -- /home/taki/fork_localunit/sdk/src/sensorcomm.c [33ms]
2023-09-13 13:25:09.122 [info] > git cat-file -s c8801d86d5e12b5ea4df57e0673cc51d92a75df4 [36ms]
2023-09-13 13:25:09.139 [info] > git cat-file -s 569410310355b6261ba221e9a758c877f5d8bd8d [39ms]
2023-09-13 13:25:09.197 [info] > git show --textconv :sdk/src/main.c [64ms]
2023-09-13 13:25:09.207 [info] > git show --textconv :sdk/src/sensorcomm.c [54ms]
2023-09-13 13:25:12.868 [info] > git config --get commit.template [33ms]
2023-09-13 13:25:12.873 [info] > git for-each-ref --format=%(refname)%00%(upstream:short)%00%(objectname)%00%(upstream:track) refs/heads/pdsensor refs/remotes/pdsensor [20ms]
2023-09-13 13:25:12.898 [info] > git status -z -uall [20ms]
2023-09-13 13:25:20.257 [info] > git config --get commit.template [25ms]
2023-09-13 13:25:20.262 [info] > git for-each-ref --format=%(refname)%00%(upstream:short)%00%(objectname)%00%(upstream:track) refs/heads/pdsensor refs/remotes/pdsensor [21ms]
2023-09-13 13:25:20.287 [info] > git status -z -uall [21ms]
2023-09-13 13:25:21.591 [info] > git ls-files --stage -- /home/taki/fork_localunit/sdk/src/main.c [31ms]
2023-09-13 13:25:21.598 [info] > git ls-files --stage -- /home/taki/fork_localunit/sdk/src/sensorcomm.c [27ms]
2023-09-13 13:25:21.629 [info] > git cat-file -s c8801d86d5e12b5ea4df57e0673cc51d92a75df4 [32ms]
2023-09-13 13:25:21.642 [info] > git cat-file -s 569410310355b6261ba221e9a758c877f5d8bd8d [40ms]
2023-09-13 13:25:21.666 [info] > git show --textconv :sdk/src/main.c [25ms]
2023-09-13 13:25:21.679 [info] > git show --textconv :sdk/src/sensorcomm.c [29ms]
2023-09-13 13:25:25.337 [info] > git config --get commit.template [26ms]
2023-09-13 13:25:25.352 [info] > git for-each-ref --format=%(refname)%00%(upstream:short)%00%(objectname)%00%(upstream:track) refs/heads/pdsensor refs/remotes/pdsensor [29ms]
2023-09-13 13:25:25.375 [info] > git status -z -uall [20ms]
2023-09-13 13:25:31.876 [info] > git config --get commit.template [22ms]
2023-09-13 13:25:31.880 [info] > git for-each-ref --format=%(refname)%00%(upstream:short)%00%(objectname)%00%(upstream:track) refs/heads/pdsensor refs/remotes/pdsensor [19ms]
2023-09-13 13:25:31.904 [info] > git status -z -uall [20ms]
2023-09-13 13:25:36.946 [info] > git config --get commit.template [23ms]
2023-09-13 13:25:36.949 [info] > git for-each-ref --format=%(refname)%00%(upstream:short)%00%(objectname)%00%(upstream:track) refs/heads/pdsensor refs/remotes/pdsensor [19ms]
2023-09-13 13:25:36.972 [info] > git status -z -uall [20ms]
2023-09-13 13:27:45.128 [info] > git config --get commit.template [98ms]
2023-09-13 13:27:45.132 [info] > git for-each-ref --format=%(refname)%00%(upstream:short)%00%(objectname)%00%(upstream:track) refs/heads/pdsensor refs/remotes/pdsensor [77ms]
2023-09-13 13:27:45.167 [info] > git status -z -uall [22ms]
2023-09-13 13:27:50.218 [info] > git config --get commit.template [25ms]
2023-09-13 13:27:50.221 [info] > git for-each-ref --format=%(refname)%00%(upstream:short)%00%(objectname)%00%(upstream:track) refs/heads/pdsensor refs/remotes/pdsensor [20ms]
2023-09-13 13:27:50.246 [info] > git status -z -uall [21ms]
2023-09-13 13:27:56.970 [info] > git show --textconv :sdk/src/spectrum_packet.c [141ms]
2023-09-13 13:27:56.985 [info] > git ls-files --stage -- /home/taki/fork_localunit/sdk/src/spectrum_packet.c [130ms]
2023-09-13 13:27:57.140 [info] > git cat-file -s b55011811e5343d56167159ed5b0167039b0ea88 [124ms]
2023-09-13 13:27:57.791 [info] > git config --get commit.template [73ms]
2023-09-13 13:27:57.817 [info] > git for-each-ref --format=%(refname)%00%(upstream:short)%00%(objectname)%00%(upstream:track) refs/heads/pdsensor refs/remotes/pdsensor [87ms]
2023-09-13 13:27:57.906 [info] > git status -z -uall [75ms]
2023-09-13 13:28:03.020 [info] > git config --get commit.template [66ms]
2023-09-13 13:28:03.025 [info] > git for-each-ref --format=%(refname)%00%(upstream:short)%00%(objectname)%00%(upstream:track) refs/heads/pdsensor refs/remotes/pdsensor [52ms]
2023-09-13 13:28:03.088 [info] > git status -z -uall [49ms]
2023-09-13 13:28:08.249 [info] > git config --get commit.template [79ms]
2023-09-13 13:28:08.264 [info] > git for-each-ref --format=%(refname)%00%(upstream:short)%00%(objectname)%00%(upstream:track) refs/heads/pdsensor refs/remotes/pdsensor [87ms]
2023-09-13 13:28:08.298 [info] > git status -z -uall [24ms]
2023-09-13 13:28:13.344 [info] > git config --get commit.template [23ms]
2023-09-13 13:28:13.351 [info] > git for-each-ref --format=%(refname)%00%(upstream:short)%00%(objectname)%00%(upstream:track) refs/heads/pdsensor refs/remotes/pdsensor [25ms]
2023-09-13 13:28:13.385 [info] > git status -z -uall [30ms]
2023-09-13 13:28:18.442 [info] > git config --get commit.template [27ms]
2023-09-13 13:28:18.447 [info] > git for-each-ref --format=%(refname)%00%(upstream:short)%00%(objectname)%00%(upstream:track) refs/heads/pdsensor refs/remotes/pdsensor [25ms]
2023-09-13 13:28:18.475 [info] > git status -z -uall [25ms]
2023-09-13 13:30:20.411 [info] > git for-each-ref --format=%(refname)%00%(upstream:short)%00%(objectname)%00%(upstream:track) refs/heads/pdsensor refs/remotes/pdsensor [102ms]
2023-09-13 13:30:20.414 [info] > git config --get commit.template [135ms]
2023-09-13 13:30:20.488 [info] > git status -z -uall [63ms]
2023-09-13 13:30:21.806 [info] > git ls-files --stage -- /home/taki/fork_localunit/sdk/src/main.c [33ms]
2023-09-13 13:30:21.814 [info] > git ls-files --stage -- /home/taki/fork_localunit/sdk/src/sensorcomm.c [36ms]
2023-09-13 13:30:21.824 [info] > git ls-files --stage -- /home/taki/fork_localunit/sdk/src/spectrum_packet.c [38ms]
2023-09-13 13:30:21.849 [info] > git cat-file -s c8801d86d5e12b5ea4df57e0673cc51d92a75df4 [36ms]
2023-09-13 13:30:21.860 [info] > git cat-file -s 569410310355b6261ba221e9a758c877f5d8bd8d [36ms]
2023-09-13 13:30:21.870 [info] > git cat-file -s b55011811e5343d56167159ed5b0167039b0ea88 [40ms]
2023-09-13 13:30:21.896 [info] > git show --textconv :sdk/src/main.c [36ms]
2023-09-13 13:30:21.906 [info] > git show --textconv :sdk/src/sensorcomm.c [35ms]
2023-09-13 13:30:21.912 [info] > git show --textconv :sdk/src/spectrum_packet.c [32ms]
2023-09-13 13:30:25.546 [info] > git config --get commit.template [22ms]
2023-09-13 13:30:25.551 [info] > git for-each-ref --format=%(refname)%00%(upstream:short)%00%(objectname)%00%(upstream:track) refs/heads/pdsensor refs/remotes/pdsensor [19ms]
2023-09-13 13:30:25.576 [info] > git status -z -uall [21ms]
2023-09-13 13:30:32.112 [info] > git config --get commit.template [19ms]
2023-09-13 13:30:32.116 [info] > git for-each-ref --format=%(refname)%00%(upstream:short)%00%(objectname)%00%(upstream:track) refs/heads/pdsensor refs/remotes/pdsensor [18ms]
2023-09-13 13:30:32.139 [info] > git status -z -uall [19ms]
2023-09-13 13:30:37.180 [info] > git config --get commit.template [22ms]
2023-09-13 13:30:37.183 [info] > git for-each-ref --format=%(refname)%00%(upstream:short)%00%(objectname)%00%(upstream:track) refs/heads/pdsensor refs/remotes/pdsensor [19ms]
2023-09-13 13:30:37.206 [info] > git status -z -uall [19ms]
2023-09-13 13:31:41.404 [info] > git config --get commit.template [22ms]
2023-09-13 13:31:41.407 [info] > git for-each-ref --format=%(refname)%00%(upstream:short)%00%(objectname)%00%(upstream:track) refs/heads/pdsensor refs/remotes/pdsensor [21ms]
2023-09-13 13:31:41.437 [info] > git status -z -uall [22ms]
2023-09-13 13:33:12.292 [info] > git config --get commit.template [26ms]
2023-09-13 13:33:12.296 [info] > git for-each-ref --format=%(refname)%00%(upstream:short)%00%(objectname)%00%(upstream:track) refs/heads/pdsensor refs/remotes/pdsensor [22ms]
2023-09-13 13:33:12.320 [info] > git status -z -uall [21ms]
2023-09-13 13:34:31.315 [info] > git config --get commit.template [22ms]
2023-09-13 13:34:31.319 [info] > git for-each-ref --format=%(refname)%00%(upstream:short)%00%(objectname)%00%(upstream:track) refs/heads/pdsensor refs/remotes/pdsensor [18ms]
2023-09-13 13:34:31.347 [info] > git status -z -uall [24ms]
2023-09-13 13:34:36.391 [info] > git config --get commit.template [25ms]
2023-09-13 13:34:36.395 [info] > git for-each-ref --format=%(refname)%00%(upstream:short)%00%(objectname)%00%(upstream:track) refs/heads/pdsensor refs/remotes/pdsensor [22ms]
2023-09-13 13:34:36.425 [info] > git status -z -uall [25ms]
2023-09-13 13:34:45.871 [info] > git config --get commit.template [20ms]
2023-09-13 13:34:45.876 [info] > git for-each-ref --format=%(refname)%00%(upstream:short)%00%(objectname)%00%(upstream:track) refs/heads/pdsensor refs/remotes/pdsensor [19ms]
2023-09-13 13:34:45.902 [info] > git status -z -uall [22ms]
2023-09-13 13:34:47.324 [info] > git ls-files --stage -- /home/taki/fork_localunit/sdk/src/main.c [45ms]
2023-09-13 13:34:47.331 [info] > git ls-files --stage -- /home/taki/fork_localunit/sdk/src/sensorcomm.c [37ms]
2023-09-13 13:34:47.339 [info] > git ls-files --stage -- /home/taki/fork_localunit/sdk/src/spectrum_packet.c [36ms]
2023-09-13 13:34:47.365 [info] > git cat-file -s c8801d86d5e12b5ea4df57e0673cc51d92a75df4 [36ms]
2023-09-13 13:34:47.375 [info] > git cat-file -s 569410310355b6261ba221e9a758c877f5d8bd8d [37ms]
2023-09-13 13:34:47.378 [info] > git cat-file -s b55011811e5343d56167159ed5b0167039b0ea88 [34ms]
2023-09-13 13:34:47.420 [info] > git show --textconv :sdk/src/main.c [46ms]
2023-09-13 13:34:47.431 [info] > git show --textconv :sdk/src/sensorcomm.c [46ms]
2023-09-13 13:34:47.442 [info] > git show --textconv :sdk/src/spectrum_packet.c [49ms]
2023-09-13 13:34:50.959 [info] > git config --get commit.template [21ms]
2023-09-13 13:34:50.962 [info] > git for-each-ref --format=%(refname)%00%(upstream:short)%00%(objectname)%00%(upstream:track) refs/heads/pdsensor refs/remotes/pdsensor [17ms]
2023-09-13 13:34:50.986 [info] > git status -z -uall [19ms]
2023-09-13 13:35:00.724 [info] > git config --get commit.template [26ms]
2023-09-13 13:35:00.728 [info] > git for-each-ref --format=%(refname)%00%(upstream:short)%00%(objectname)%00%(upstream:track) refs/heads/pdsensor refs/remotes/pdsensor [22ms]
2023-09-13 13:35:00.758 [info] > git status -z -uall [25ms]
2023-09-13 13:35:32.500 [info] > git config --get commit.template [26ms]
2023-09-13 13:35:32.503 [info] > git for-each-ref --format=%(refname)%00%(upstream:short)%00%(objectname)%00%(upstream:track) refs/heads/pdsensor refs/remotes/pdsensor [21ms]
2023-09-13 13:35:32.528 [info] > git status -z -uall [20ms]
2023-09-13 13:36:41.489 [info] > git config --get commit.template [28ms]
2023-09-13 13:36:41.492 [info] > git for-each-ref --format=%(refname)%00%(upstream:short)%00%(objectname)%00%(upstream:track) refs/heads/pdsensor refs/remotes/pdsensor [24ms]
2023-09-13 13:36:41.527 [info] > git status -z -uall [30ms]
2023-09-13 13:40:32.717 [info] > git config --get commit.template [22ms]
2023-09-13 13:40:32.720 [info] > git for-each-ref --format=%(refname)%00%(upstream:short)%00%(objectname)%00%(upstream:track) refs/heads/pdsensor refs/remotes/pdsensor [20ms]
2023-09-13 13:40:32.746 [info] > git status -z -uall [22ms]
2023-09-13 13:41:41.559 [info] > git config --get commit.template [26ms]
2023-09-13 13:41:41.568 [info] > git for-each-ref --format=%(refname)%00%(upstream:short)%00%(objectname)%00%(upstream:track) refs/heads/pdsensor refs/remotes/pdsensor [27ms]
2023-09-13 13:41:41.598 [info] > git status -z -uall [22ms]
2023-09-13 13:45:32.961 [info] > git config --get commit.template [25ms]
2023-09-13 13:45:32.965 [info] > git for-each-ref --format=%(refname)%00%(upstream:short)%00%(objectname)%00%(upstream:track) refs/heads/pdsensor refs/remotes/pdsensor [20ms]
2023-09-13 13:45:32.990 [info] > git status -z -uall [20ms]
2023-09-13 13:46:41.634 [info] > git config --get commit.template [23ms]
2023-09-13 13:46:41.639 [info] > git for-each-ref --format=%(refname)%00%(upstream:short)%00%(objectname)%00%(upstream:track) refs/heads/pdsensor refs/remotes/pdsensor [23ms]
2023-09-13 13:46:41.670 [info] > git status -z -uall [25ms]
2023-09-13 13:50:33.389 [info] > git config --get commit.template [22ms]
2023-09-13 13:50:33.393 [info] > git for-each-ref --format=%(refname)%00%(upstream:short)%00%(objectname)%00%(upstream:track) refs/heads/pdsensor refs/remotes/pdsensor [19ms]
2023-09-13 13:50:33.415 [info] > git status -z -uall [18ms]
2023-09-13 13:51:41.840 [info] > git config --get commit.template [29ms]
2023-09-13 13:51:41.843 [info] > git for-each-ref --format=%(refname)%00%(upstream:short)%00%(objectname)%00%(upstream:track) refs/heads/pdsensor refs/remotes/pdsensor [24ms]
2023-09-13 13:51:41.873 [info] > git status -z -uall [23ms]
2023-09-13 13:55:33.575 [info] > git config --get commit.template [23ms]
2023-09-13 13:55:33.579 [info] > git for-each-ref --format=%(refname)%00%(upstream:short)%00%(objectname)%00%(upstream:track) refs/heads/pdsensor refs/remotes/pdsensor [20ms]
2023-09-13 13:55:33.602 [info] > git status -z -uall [19ms]
2023-09-13 13:56:41.951 [info] > git config --get commit.template [23ms]
2023-09-13 13:56:41.956 [info] > git for-each-ref --format=%(refname)%00%(upstream:short)%00%(objectname)%00%(upstream:track) refs/heads/pdsensor refs/remotes/pdsensor [23ms]
2023-09-13 13:56:41.983 [info] > git status -z -uall [22ms]
2023-09-13 14:00:33.821 [info] > git config --get commit.template [19ms]
2023-09-13 14:00:33.824 [info] > git for-each-ref --format=%(refname)%00%(upstream:short)%00%(objectname)%00%(upstream:track) refs/heads/pdsensor refs/remotes/pdsensor [17ms]
2023-09-13 14:00:33.847 [info] > git status -z -uall [18ms]
2023-09-13 14:01:41.976 [info] > git config --get commit.template [23ms]
2023-09-13 14:01:41.982 [info] > git for-each-ref --format=%(refname)%00%(upstream:short)%00%(objectname)%00%(upstream:track) refs/heads/pdsensor refs/remotes/pdsensor [24ms]
2023-09-13 14:01:42.008 [info] > git status -z -uall [22ms]
2023-09-13 14:05:34.043 [info] > git config --get commit.template [29ms]
2023-09-13 14:05:34.046 [info] > git for-each-ref --format=%(refname)%00%(upstream:short)%00%(objectname)%00%(upstream:track) refs/heads/pdsensor refs/remotes/pdsensor [22ms]
2023-09-13 14:05:34.069 [info] > git status -z -uall [19ms]
2023-09-13 14:06:42.171 [info] > git config --get commit.template [27ms]
2023-09-13 14:06:42.175 [info] > git for-each-ref --format=%(refname)%00%(upstream:short)%00%(objectname)%00%(upstream:track) refs/heads/pdsensor refs/remotes/pdsensor [23ms]
2023-09-13 14:06:42.204 [info] > git status -z -uall [23ms]
2023-09-13 14:10:34.363 [info] > git config --get commit.template [20ms]
2023-09-13 14:10:34.367 [info] > git for-each-ref --format=%(refname)%00%(upstream:short)%00%(objectname)%00%(upstream:track) refs/heads/pdsensor refs/remotes/pdsensor [17ms]
2023-09-13 14:10:34.390 [info] > git status -z -uall [19ms]
2023-09-13 14:11:42.222 [info] > git config --get commit.template [24ms]
2023-09-13 14:11:42.227 [info] > git for-each-ref --format=%(refname)%00%(upstream:short)%00%(objectname)%00%(upstream:track) refs/heads/pdsensor refs/remotes/pdsensor [24ms]
2023-09-13 14:11:42.255 [info] > git status -z -uall [25ms]
2023-09-13 14:12:34.544 [info] > git config --get commit.template [91ms]
2023-09-13 14:12:34.546 [info] > git for-each-ref --format=%(refname)%00%(upstream:short)%00%(objectname)%00%(upstream:track) refs/heads/pdsensor refs/remotes/pdsensor [71ms]
2023-09-13 14:12:34.617 [info] > git status -z -uall [49ms]
2023-09-13 14:15:34.638 [info] > git config --get commit.template [28ms]
2023-09-13 14:15:34.643 [info] > git for-each-ref --format=%(refname)%00%(upstream:short)%00%(objectname)%00%(upstream:track) refs/heads/pdsensor refs/remotes/pdsensor [20ms]
2023-09-13 14:15:34.666 [info] > git status -z -uall [20ms]
2023-09-13 14:15:47.161 [info] > git check-ignore -v -z --stdin [86ms]
2023-09-13 14:16:06.708 [info] > git config --get commit.template [29ms]
2023-09-13 14:16:06.713 [info] > git for-each-ref --format=%(refname)%00%(upstream:short)%00%(objectname)%00%(upstream:track) refs/heads/pdsensor refs/remotes/pdsensor [24ms]
2023-09-13 14:16:06.744 [info] > git status -z -uall [26ms]
2023-09-13 14:16:17.117 [info] > git config --get commit.template [30ms]
2023-09-13 14:16:17.123 [info] > git for-each-ref --format=%(refname)%00%(upstream:short)%00%(objectname)%00%(upstream:track) refs/heads/pdsensor refs/remotes/pdsensor [22ms]
2023-09-13 14:16:17.155 [info] > git status -z -uall [26ms]
2023-09-13 14:16:22.251 [info] > git config --get commit.template [56ms]
2023-09-13 14:16:22.258 [info] > git for-each-ref --format=%(refname)%00%(upstream:short)%00%(objectname)%00%(upstream:track) refs/heads/pdsensor refs/remotes/pdsensor [45ms]
2023-09-13 14:16:22.354 [info] > git status -z -uall [87ms]
2023-09-13 14:16:27.409 [info] > git config --get commit.template [23ms]
2023-09-13 14:16:27.413 [info] > git for-each-ref --format=%(refname)%00%(upstream:short)%00%(objectname)%00%(upstream:track) refs/heads/pdsensor refs/remotes/pdsensor [21ms]
2023-09-13 14:16:27.442 [info] > git status -z -uall [25ms]
2023-09-13 14:16:32.504 [info] > git config --get commit.template [27ms]
2023-09-13 14:16:32.509 [info] > git for-each-ref --format=%(refname)%00%(upstream:short)%00%(objectname)%00%(upstream:track) refs/heads/pdsensor refs/remotes/pdsensor [21ms]
2023-09-13 14:16:32.533 [info] > git status -z -uall [21ms]
2023-09-13 14:16:33.878 [info] > git ls-files --stage -- /home/taki/fork_localunit/sdk/src/main.c [64ms]
2023-09-13 14:16:33.899 [info] > git ls-files --stage -- /home/taki/fork_localunit/sdk/src/spectrum_packet.c [66ms]
2023-09-13 14:16:33.910 [info] > git ls-files --stage -- /home/taki/fork_localunit/sdk/src/sensorcomm.c [91ms]
2023-09-13 14:16:33.958 [info] > git cat-file -s c8801d86d5e12b5ea4df57e0673cc51d92a75df4 [59ms]
2023-09-13 14:16:34.002 [info] > git cat-file -s b55011811e5343d56167159ed5b0167039b0ea88 [93ms]
2023-09-13 14:16:34.002 [info] > git cat-file -s 569410310355b6261ba221e9a758c877f5d8bd8d [81ms]
2023-09-13 14:16:34.067 [info] > git show --textconv :sdk/src/main.c [66ms]
2023-09-13 14:16:34.088 [info] > git show --textconv :sdk/src/spectrum_packet.c [38ms]
2023-09-13 14:16:34.097 [info] > git show --textconv :sdk/src/sensorcomm.c [40ms]
2023-09-13 14:16:37.602 [info] > git config --get commit.template [29ms]
2023-09-13 14:16:37.606 [info] > git for-each-ref --format=%(refname)%00%(upstream:short)%00%(objectname)%00%(upstream:track) refs/heads/pdsensor refs/remotes/pdsensor [20ms]
2023-09-13 14:16:37.628 [info] > git status -z -uall [19ms]
2023-09-13 14:16:42.758 [info] > git config --get commit.template [23ms]
2023-09-13 14:16:42.766 [info] > git for-each-ref --format=%(refname)%00%(upstream:short)%00%(objectname)%00%(upstream:track) refs/heads/pdsensor refs/remotes/pdsensor [26ms]
2023-09-13 14:16:42.796 [info] > git status -z -uall [27ms]
2023-09-13 14:16:47.842 [info] > git config --get commit.template [24ms]
2023-09-13 14:16:47.848 [info] > git for-each-ref --format=%(refname)%00%(upstream:short)%00%(objectname)%00%(upstream:track) refs/heads/pdsensor refs/remotes/pdsensor [25ms]
2023-09-13 14:16:47.875 [info] > git status -z -uall [23ms]
2023-09-13 14:20:34.869 [info] > git config --get commit.template [20ms]
2023-09-13 14:20:34.872 [info] > git for-each-ref --format=%(refname)%00%(upstream:short)%00%(objectname)%00%(upstream:track) refs/heads/pdsensor refs/remotes/pdsensor [18ms]
2023-09-13 14:20:34.897 [info] > git status -z -uall [21ms]
2023-09-13 14:21:16.721 [info] > git config --get commit.template [22ms]
2023-09-13 14:21:16.725 [info] > git for-each-ref --format=%(refname)%00%(upstream:short)%00%(objectname)%00%(upstream:track) refs/heads/pdsensor refs/remotes/pdsensor [20ms]
2023-09-13 14:21:16.752 [info] > git status -z -uall [23ms]
2023-09-13 14:21:42.820 [info] > git config --get commit.template [29ms]
2023-09-13 14:21:42.823 [info] > git for-each-ref --format=%(refname)%00%(upstream:short)%00%(objectname)%00%(upstream:track) refs/heads/pdsensor refs/remotes/pdsensor [24ms]
2023-09-13 14:21:42.856 [info] > git status -z -uall [28ms]
2023-09-13 14:25:35.112 [info] > git config --get commit.template [26ms]
2023-09-13 14:25:35.115 [info] > git for-each-ref --format=%(refname)%00%(upstream:short)%00%(objectname)%00%(upstream:track) refs/heads/pdsensor refs/remotes/pdsensor [21ms]
2023-09-13 14:25:35.138 [info] > git status -z -uall [19ms]
2023-09-13 14:26:42.863 [info] > git config --get commit.template [29ms]
2023-09-13 14:26:42.867 [info] > git for-each-ref --format=%(refname)%00%(upstream:short)%00%(objectname)%00%(upstream:track) refs/heads/pdsensor refs/remotes/pdsensor [26ms]
2023-09-13 14:26:42.910 [info] > git status -z -uall [37ms]
2023-09-13 14:29:34.521 [info] > git config --get commit.template [23ms]
2023-09-13 14:29:34.525 [info] > git for-each-ref --format=%(refname)%00%(upstream:short)%00%(objectname)%00%(upstream:track) refs/heads/pdsensor refs/remotes/pdsensor [21ms]
2023-09-13 14:29:34.547 [info] > git status -z -uall [18ms]
2023-09-13 14:30:35.283 [info] > git config --get commit.template [21ms]
2023-09-13 14:30:35.287 [info] > git for-each-ref --format=%(refname)%00%(upstream:short)%00%(objectname)%00%(upstream:track) refs/heads/pdsensor refs/remotes/pdsensor [18ms]
2023-09-13 14:30:35.315 [info] > git status -z -uall [24ms]
2023-09-13 14:31:34.540 [info] > git config --get commit.template [24ms]
2023-09-13 14:31:34.544 [info] > git for-each-ref --format=%(refname)%00%(upstream:short)%00%(objectname)%00%(upstream:track) refs/heads/pdsensor refs/remotes/pdsensor [18ms]
2023-09-13 14:31:34.568 [info] > git status -z -uall [19ms]
2023-09-13 14:31:42.940 [info] > git config --get commit.template [22ms]
2023-09-13 14:31:42.952 [info] > git for-each-ref --format=%(refname)%00%(upstream:short)%00%(objectname)%00%(upstream:track) refs/heads/pdsensor refs/remotes/pdsensor [30ms]
2023-09-13 14:31:42.992 [info] > git status -z -uall [34ms]
2023-09-13 14:32:34.529 [info] > git config --get commit.template [20ms]
2023-09-13 14:32:34.532 [info] > git for-each-ref --format=%(refname)%00%(upstream:short)%00%(objectname)%00%(upstream:track) refs/heads/pdsensor refs/remotes/pdsensor [18ms]
2023-09-13 14:32:34.554 [info] > git status -z -uall [19ms]
2023-09-13 14:35:35.539 [info] > git config --get commit.template [21ms]
2023-09-13 14:35:35.543 [info] > git for-each-ref --format=%(refname)%00%(upstream:short)%00%(objectname)%00%(upstream:track) refs/heads/pdsensor refs/remotes/pdsensor [18ms]
2023-09-13 14:35:35.568 [info] > git status -z -uall [21ms]
2023-09-13 14:36:34.544 [info] > git config --get commit.template [21ms]
2023-09-13 14:36:34.548 [info] > git for-each-ref --format=%(refname)%00%(upstream:short)%00%(objectname)%00%(upstream:track) refs/heads/pdsensor refs/remotes/pdsensor [18ms]
2023-09-13 14:36:34.572 [info] > git status -z -uall [19ms]
2023-09-13 14:36:43.004 [info] > git config --get commit.template [27ms]
2023-09-13 14:36:43.008 [info] > git for-each-ref --format=%(refname)%00%(upstream:short)%00%(objectname)%00%(upstream:track) refs/heads/pdsensor refs/remotes/pdsensor [26ms]
2023-09-13 14:36:43.037 [info] > git status -z -uall [25ms]
2023-09-13 14:40:35.769 [info] > git config --get commit.template [29ms]
2023-09-13 14:40:35.774 [info] > git for-each-ref --format=%(refname)%00%(upstream:short)%00%(objectname)%00%(upstream:track) refs/heads/pdsensor refs/remotes/pdsensor [23ms]
2023-09-13 14:40:35.798 [info] > git status -z -uall [20ms]
2023-09-13 14:41:08.015 [info] > git config --get commit.template [21ms]
2023-09-13 14:41:08.020 [info] > git for-each-ref --format=%(refname)%00%(upstream:short)%00%(objectname)%00%(upstream:track) refs/heads/pdsensor refs/remotes/pdsensor [22ms]
2023-09-13 14:41:08.071 [info] > git status -z -uall [43ms]
2023-09-13 14:41:20.703 [info] > git config --get commit.template [21ms]
2023-09-13 14:41:20.707 [info] > git for-each-ref --format=%(refname)%00%(upstream:short)%00%(objectname)%00%(upstream:track) refs/heads/pdsensor refs/remotes/pdsensor [18ms]
2023-09-13 14:41:20.731 [info] > git status -z -uall [20ms]
2023-09-13 14:41:22.025 [info] > git ls-files --stage -- /home/taki/fork_localunit/sdk/src/main.c [31ms]
2023-09-13 14:41:22.033 [info] > git ls-files --stage -- /home/taki/fork_localunit/sdk/src/sensorcomm.c [34ms]
2023-09-13 14:41:22.043 [info] > git ls-files --stage -- /home/taki/fork_localunit/sdk/src/spectrum_packet.c [36ms]
2023-09-13 14:41:22.067 [info] > git cat-file -s c8801d86d5e12b5ea4df57e0673cc51d92a75df4 [35ms]
2023-09-13 14:41:22.076 [info] > git cat-file -s 569410310355b6261ba221e9a758c877f5d8bd8d [35ms]
2023-09-13 14:41:22.087 [info] > git cat-file -s b55011811e5343d56167159ed5b0167039b0ea88 [38ms]
2023-09-13 14:41:22.131 [info] > git show --textconv :sdk/src/main.c [56ms]
2023-09-13 14:41:22.139 [info] > git show --textconv :sdk/src/sensorcomm.c [52ms]
2023-09-13 14:41:22.146 [info] > git show --textconv :sdk/src/spectrum_packet.c [36ms]
2023-09-13 14:41:25.800 [info] > git config --get commit.template [24ms]
2023-09-13 14:41:25.803 [info] > git for-each-ref --format=%(refname)%00%(upstream:short)%00%(objectname)%00%(upstream:track) refs/heads/pdsensor refs/remotes/pdsensor [20ms]
2023-09-13 14:41:25.839 [info] > git status -z -uall [31ms]
2023-09-13 14:41:35.493 [info] > git config --get commit.template [30ms]
2023-09-13 14:41:35.500 [info] > git for-each-ref --format=%(refname)%00%(upstream:short)%00%(objectname)%00%(upstream:track) refs/heads/pdsensor refs/remotes/pdsensor [32ms]
2023-09-13 14:41:35.530 [info] > git status -z -uall [24ms]
2023-09-13 14:41:43.037 [info] > git config --get commit.template [22ms]
2023-09-13 14:41:43.043 [info] > git for-each-ref --format=%(refname)%00%(upstream:short)%00%(objectname)%00%(upstream:track) refs/heads/pdsensor refs/remotes/pdsensor [22ms]
2023-09-13 14:41:43.072 [info] > git status -z -uall [23ms]
2023-09-13 14:45:36.014 [info] > git config --get commit.template [24ms]
2023-09-13 14:45:36.018 [info] > git for-each-ref --format=%(refname)%00%(upstream:short)%00%(objectname)%00%(upstream:track) refs/heads/pdsensor refs/remotes/pdsensor [20ms]
2023-09-13 14:45:36.040 [info] > git status -z -uall [19ms]
2023-09-13 14:46:43.075 [info] > git config --get commit.template [24ms]
2023-09-13 14:46:43.083 [info] > git for-each-ref --format=%(refname)%00%(upstream:short)%00%(objectname)%00%(upstream:track) refs/heads/pdsensor refs/remotes/pdsensor [27ms]
2023-09-13 14:46:43.122 [info] > git status -z -uall [34ms]
2023-09-13 14:50:36.210 [info] > git config --get commit.template [21ms]
2023-09-13 14:50:36.213 [info] > git for-each-ref --format=%(refname)%00%(upstream:short)%00%(objectname)%00%(upstream:track) refs/heads/pdsensor refs/remotes/pdsensor [19ms]
2023-09-13 14:50:36.236 [info] > git status -z -uall [19ms]
2023-09-13 14:51:43.115 [info] > git config --get commit.template [22ms]
2023-09-13 14:51:43.120 [info] > git for-each-ref --format=%(refname)%00%(upstream:short)%00%(objectname)%00%(upstream:track) refs/heads/pdsensor refs/remotes/pdsensor [22ms]
2023-09-13 14:51:43.152 [info] > git status -z -uall [26ms]
2023-09-13 14:55:36.441 [info] > git config --get commit.template [26ms]
2023-09-13 14:55:36.444 [info] > git for-each-ref --format=%(refname)%00%(upstream:short)%00%(objectname)%00%(upstream:track) refs/heads/pdsensor refs/remotes/pdsensor [21ms]
2023-09-13 14:55:36.467 [info] > git status -z -uall [18ms]
2023-09-13 14:56:43.160 [info] > git config --get commit.template [34ms]
2023-09-13 14:56:43.163 [info] > git for-each-ref --format=%(refname)%00%(upstream:short)%00%(objectname)%00%(upstream:track) refs/heads/pdsensor refs/remotes/pdsensor [29ms]
2023-09-13 14:56:43.192 [info] > git status -z -uall [25ms]
2023-09-13 15:00:36.689 [info] > git config --get commit.template [23ms]
2023-09-13 15:00:36.693 [info] > git for-each-ref --format=%(refname)%00%(upstream:short)%00%(objectname)%00%(upstream:track) refs/heads/pdsensor refs/remotes/pdsensor [21ms]
2023-09-13 15:00:36.715 [info] > git status -z -uall [18ms]
2023-09-13 15:01:43.192 [info] > git config --get commit.template [24ms]
2023-09-13 15:01:43.198 [info] > git for-each-ref --format=%(refname)%00%(upstream:short)%00%(objectname)%00%(upstream:track) refs/heads/pdsensor refs/remotes/pdsensor [23ms]
2023-09-13 15:01:43.228 [info] > git status -z -uall [24ms]
2023-09-13 15:04:22.563 [info] > git config --get commit.template [32ms]
2023-09-13 15:04:22.572 [info] > git for-each-ref --format=%(refname)%00%(upstream:short)%00%(objectname)%00%(upstream:track) refs/heads/pdsensor refs/remotes/pdsensor [32ms]
2023-09-13 15:04:22.604 [info] > git status -z -uall [27ms]
2023-09-13 15:04:34.619 [info] > git config --get commit.template [26ms]
2023-09-13 15:04:34.623 [info] > git for-each-ref --format=%(refname)%00%(upstream:short)%00%(objectname)%00%(upstream:track) refs/heads/pdsensor refs/remotes/pdsensor [21ms]
2023-09-13 15:04:34.646 [info] > git status -z -uall [19ms]
2023-09-13 15:05:34.607 [info] > git config --get commit.template [19ms]
2023-09-13 15:05:34.612 [info] > git for-each-ref --format=%(refname)%00%(upstream:short)%00%(objectname)%00%(upstream:track) refs/heads/pdsensor refs/remotes/pdsensor [19ms]
2023-09-13 15:05:34.634 [info] > git status -z -uall [18ms]
2023-09-13 15:05:39.683 [info] > git config --get commit.template [23ms]
2023-09-13 15:05:39.686 [info] > git for-each-ref --format=%(refname)%00%(upstream:short)%00%(objectname)%00%(upstream:track) refs/heads/pdsensor refs/remotes/pdsensor [19ms]
2023-09-13 15:05:39.710 [info] > git status -z -uall [20ms]
2023-09-13 15:06:34.635 [info] > git config --get commit.template [24ms]
2023-09-13 15:06:34.639 [info] > git for-each-ref --format=%(refname)%00%(upstream:short)%00%(objectname)%00%(upstream:track) refs/heads/pdsensor refs/remotes/pdsensor [19ms]
2023-09-13 15:06:34.661 [info] > git status -z -uall [19ms]
2023-09-13 15:06:43.224 [info] > git config --get commit.template [27ms]
2023-09-13 15:06:43.229 [info] > git for-each-ref --format=%(refname)%00%(upstream:short)%00%(objectname)%00%(upstream:track) refs/heads/pdsensor refs/remotes/pdsensor [26ms]
2023-09-13 15:06:43.261 [info] > git status -z -uall [28ms]
2023-09-13 15:09:22.530 [info] > git config --get commit.template [23ms]
2023-09-13 15:09:22.536 [info] > git for-each-ref --format=%(refname)%00%(upstream:short)%00%(objectname)%00%(upstream:track) refs/heads/pdsensor refs/remotes/pdsensor [23ms]
2023-09-13 15:09:22.564 [info] > git status -z -uall [23ms]
2023-09-13 15:12:40.843 [info] > git config --get commit.template [107ms]
2023-09-13 15:12:40.861 [info] > git for-each-ref --format=%(refname)%00%(upstream:short)%00%(objectname)%00%(upstream:track) refs/heads/pdsensor refs/remotes/pdsensor [89ms]
2023-09-13 15:12:40.913 [info] > git status -z -uall [48ms]
2023-09-13 15:12:42.220 [info] > git ls-files --stage -- /home/taki/fork_localunit/sdk/src/main.c [37ms]
2023-09-13 15:12:42.228 [info] > git ls-files --stage -- /home/taki/fork_localunit/sdk/src/spectrum_packet.c [30ms]
2023-09-13 15:12:42.233 [info] > git ls-files --stage -- /home/taki/fork_localunit/sdk/src/sensorcomm.c [44ms]
2023-09-13 15:12:42.257 [info] > git cat-file -s c8801d86d5e12b5ea4df57e0673cc51d92a75df4 [29ms]
2023-09-13 15:12:42.271 [info] > git cat-file -s 569410310355b6261ba221e9a758c877f5d8bd8d [32ms]
2023-09-13 15:12:42.281 [info] > git cat-file -s b55011811e5343d56167159ed5b0167039b0ea88 [48ms]
2023-09-13 15:12:42.306 [info] > git show --textconv :sdk/src/main.c [41ms]
2023-09-13 15:12:42.321 [info] > git show --textconv :sdk/src/sensorcomm.c [40ms]
2023-09-13 15:12:42.327 [info] > git show --textconv :sdk/src/spectrum_packet.c [38ms]
2023-09-13 15:12:45.969 [info] > git config --get commit.template [30ms]
2023-09-13 15:12:45.974 [info] > git for-each-ref --format=%(refname)%00%(upstream:short)%00%(objectname)%00%(upstream:track) refs/heads/pdsensor refs/remotes/pdsensor [27ms]
2023-09-13 15:12:46.004 [info] > git status -z -uall [20ms]
2023-09-13 15:12:56.101 [info] > git config --get commit.template [28ms]
2023-09-13 15:12:56.105 [info] > git for-each-ref --format=%(refname)%00%(upstream:short)%00%(objectname)%00%(upstream:track) refs/heads/pdsensor refs/remotes/pdsensor [25ms]
2023-09-13 15:12:56.138 [info] > git status -z -uall [27ms]
2023-09-13 15:13:34.647 [info] > git config --get commit.template [25ms]
2023-09-13 15:13:34.651 [info] > git for-each-ref --format=%(refname)%00%(upstream:short)%00%(objectname)%00%(upstream:track) refs/heads/pdsensor refs/remotes/pdsensor [22ms]
2023-09-13 15:13:34.676 [info] > git status -z -uall [21ms]
2023-09-13 15:14:26.681 [info] > git config --get commit.template [23ms]
2023-09-13 15:14:26.685 [info] > git for-each-ref --format=%(refname)%00%(upstream:short)%00%(objectname)%00%(upstream:track) refs/heads/pdsensor refs/remotes/pdsensor [20ms]
2023-09-13 15:14:26.707 [info] > git status -z -uall [19ms]
2023-09-13 15:15:20.542 [info] > git config --get commit.template [31ms]
2023-09-13 15:15:20.545 [info] > git for-each-ref --format=%(refname)%00%(upstream:short)%00%(objectname)%00%(upstream:track) refs/heads/pdsensor refs/remotes/pdsensor [27ms]
2023-09-13 15:15:20.577 [info] > git status -z -uall [23ms]
2023-09-13 15:15:33.226 [info] > git config --get commit.template [26ms]
2023-09-13 15:15:33.230 [info] > git for-each-ref --format=%(refname)%00%(upstream:short)%00%(objectname)%00%(upstream:track) refs/heads/pdsensor refs/remotes/pdsensor [20ms]
2023-09-13 15:15:33.269 [info] > git status -z -uall [35ms]
2023-09-13 15:15:34.649 [info] > git ls-files --stage -- /home/taki/fork_localunit/sdk/src/main.c [34ms]
2023-09-13 15:15:34.658 [info] > git ls-files --stage -- /home/taki/fork_localunit/sdk/src/sensorcomm.c [36ms]
2023-09-13 15:15:34.667 [info] > git ls-files --stage -- /home/taki/fork_localunit/sdk/src/spectrum_packet.c [38ms]
2023-09-13 15:15:34.689 [info] > git cat-file -s c8801d86d5e12b5ea4df57e0673cc51d92a75df4 [32ms]
2023-09-13 15:15:34.703 [info] > git cat-file -s 569410310355b6261ba221e9a758c877f5d8bd8d [37ms]
2023-09-13 15:15:34.714 [info] > git cat-file -s b55011811e5343d56167159ed5b0167039b0ea88 [41ms]
2023-09-13 15:15:34.743 [info] > git show --textconv :sdk/src/main.c [46ms]
2023-09-13 15:15:34.754 [info] > git show --textconv :sdk/src/sensorcomm.c [41ms]
2023-09-13 15:15:34.765 [info] > git show --textconv :sdk/src/spectrum_packet.c [41ms]
2023-09-13 15:15:38.307 [info] > git config --get commit.template [20ms]
2023-09-13 15:15:38.310 [info] > git for-each-ref --format=%(refname)%00%(upstream:short)%00%(objectname)%00%(upstream:track) refs/heads/pdsensor refs/remotes/pdsensor [18ms]
2023-09-13 15:15:38.341 [info] > git status -z -uall [27ms]
2023-09-13 15:15:48.035 [info] > git config --get commit.template [28ms]
2023-09-13 15:15:48.040 [info] > git for-each-ref --format=%(refname)%00%(upstream:short)%00%(objectname)%00%(upstream:track) refs/heads/pdsensor refs/remotes/pdsensor [23ms]
2023-09-13 15:15:48.073 [info] > git status -z -uall [29ms]
