2023-11-01 11:40:25.032 [info] Extension host with pid 12127 started
2023-11-01 11:40:27.108 [info] ExtensionService#_doActivateExtension vscode.git-base, startup: true, activationEvent: '*', root cause: vscode.git
2023-11-01 11:40:27.789 [info] ExtensionService#_doActivateExtension vscode.git, startup: true, activationEvent: '*'
2023-11-01 11:40:28.885 [info] ExtensionService#_doActivateExtension vscode.github, startup: true, activationEvent: '*'
2023-11-01 11:40:31.449 [info] Eager extensions activated
2023-11-01 11:40:36.419 [info] ExtensionService#_doActivateExtension vscode.debug-auto-launch, startup: false, activationEvent: 'onStartupFinished'
2023-11-01 11:40:36.426 [info] ExtensionService#_doActivateExtension vscode.merge-conflict, startup: false, activationEvent: 'onStartupFinished'
2023-11-01 17:10:01.581 [info] Extension host terminating: renderer closed the MessagePort
2023-11-01 17:10:02.063 [info] Extension host with pid 12127 exiting with code 0
2023-11-01 17:10:16.062 [info] Extension host with pid 15965 started
2023-11-01 17:10:16.062 [info] Skipping acquiring lock for /home/taki/fork_localunit/sdk/User/workspaceStorage/c346f9018420770c7f361d444b2c496b.
2023-11-01 17:10:17.638 [info] ExtensionService#_doActivateExtension vscode.git-base, startup: true, activationEvent: '*'
2023-11-01 17:10:18.594 [info] ExtensionService#_doActivateExtension vscode.github, startup: true, activationEvent: '*'
2023-11-01 17:10:19.711 [info] Eager extensions activated
2023-11-01 17:10:20.047 [info] ExtensionService#_doActivateExtension vscode.debug-auto-launch, startup: false, activationEvent: 'onStartupFinished'
2023-11-01 17:10:20.078 [info] ExtensionService#_doActivateExtension vscode.merge-conflict, startup: false, activationEvent: 'onStartupFinished'
2023-11-01 17:10:32.600 [info] ExtensionService#_doActivateExtension vscode.git, startup: false, activationEvent: 'api', root cause: vscode.github
2023-11-01 17:10:35.073 [info] ExtensionService#_doActivateExtension ms-vscode.makefile-tools, startup: false, activationEvent: 'workspaceContains:**/makefile,**/Makefile,**/GNUmakefile'
2023-11-01 17:10:35.936 [warning] [Decorations] CAPPING events from decorations provider vscode.git 349
2023-11-01 17:10:37.044 [warning] [Decorations] CAPPING events from decorations provider vscode.git 772
2023-11-01 17:10:37.761 [info] ExtensionService#_doActivateExtension vscode.github-authentication, startup: false, activationEvent: 'onAuthenticationRequest:github'
2023-11-01 17:10:39.383 [info] ExtensionService#_doActivateExtension ms-vscode.cpptools, startup: false, activationEvent: 'api', root cause: ms-vscode.makefile-tools
2023-11-01 17:10:40.374 [warning] [Decorations] CAPPING events from decorations provider vscode.git 349
2023-11-01 17:10:40.933 [warning] [Decorations] CAPPING events from decorations provider vscode.git 772
2023-11-01 17:10:45.363 [warning] [Decorations] CAPPING events from decorations provider vscode.git 776
2023-11-01 17:10:51.434 [warning] [Decorations] CAPPING events from decorations provider vscode.git 782
2023-11-01 17:10:53.952 [info] ExtensionService#_doActivateExtension vscode.emmet, startup: false, activationEvent: 'onLanguage'
2023-11-01 17:10:57.222 [warning] [Decorations] CAPPING events from decorations provider vscode.git 782
2023-11-01 17:11:02.878 [warning] [Decorations] CAPPING events from decorations provider vscode.git 782
2023-11-01 17:11:08.738 [warning] [Decorations] CAPPING events from decorations provider vscode.git 782
2023-11-01 17:11:14.718 [warning] [Decorations] CAPPING events from decorations provider vscode.git 782
2023-11-01 17:11:20.405 [warning] [Decorations] CAPPING events from decorations provider vscode.git 782
2023-11-01 17:11:25.914 [warning] [Decorations] CAPPING events from decorations provider vscode.git 782
2023-11-01 17:11:35.768 [warning] [Decorations] CAPPING events from decorations provider vscode.git 782
2023-11-01 17:11:41.323 [warning] [Decorations] CAPPING events from decorations provider vscode.git 782
2023-11-01 17:11:47.968 [warning] [Decorations] CAPPING events from decorations provider vscode.git 782
2023-11-01 17:11:54.077 [warning] [Decorations] CAPPING events from decorations provider vscode.git 782
2023-11-01 17:12:00.364 [warning] [Decorations] CAPPING events from decorations provider vscode.git 782
2023-11-01 17:12:06.206 [warning] [Decorations] CAPPING events from decorations provider vscode.git 782
2023-11-01 17:12:12.052 [warning] [Decorations] CAPPING events from decorations provider vscode.git 782
2023-11-01 17:12:20.837 [warning] [Decorations] CAPPING events from decorations provider vscode.git 782
2023-11-01 17:12:26.360 [warning] [Decorations] CAPPING events from decorations provider vscode.git 782
2023-11-01 17:12:31.756 [warning] [Decorations] CAPPING events from decorations provider vscode.git 783
2023-11-01 17:12:49.449 [warning] [Decorations] CAPPING events from decorations provider vscode.git 783
2023-11-01 17:12:54.700 [warning] [Decorations] CAPPING events from decorations provider vscode.git 783
2023-11-01 17:13:00.026 [warning] [Decorations] CAPPING events from decorations provider vscode.git 785
2023-11-01 17:13:05.191 [warning] [Decorations] CAPPING events from decorations provider vscode.git 784
2023-11-01 17:14:06.263 [warning] [Decorations] CAPPING events from decorations provider vscode.git 788
2023-11-01 17:14:11.492 [warning] [Decorations] CAPPING events from decorations provider vscode.git 788
2023-11-01 17:14:16.870 [warning] [Decorations] CAPPING events from decorations provider vscode.git 791
2023-11-01 17:14:22.081 [warning] [Decorations] CAPPING events from decorations provider vscode.git 788
2023-11-01 17:14:27.188 [warning] [Decorations] CAPPING events from decorations provider vscode.git 788
2023-11-01 17:14:32.392 [warning] [Decorations] CAPPING events from decorations provider vscode.git 788
2023-11-01 17:14:37.512 [warning] [Decorations] CAPPING events from decorations provider vscode.git 788
2023-11-01 17:14:42.656 [warning] [Decorations] CAPPING events from decorations provider vscode.git 788
2023-11-01 17:14:47.915 [warning] [Decorations] CAPPING events from decorations provider vscode.git 788
2023-11-01 17:14:53.063 [warning] [Decorations] CAPPING events from decorations provider vscode.git 788
2023-11-01 17:14:58.209 [warning] [Decorations] CAPPING events from decorations provider vscode.git 788
2023-11-01 17:15:03.393 [warning] [Decorations] CAPPING events from decorations provider vscode.git 788
2023-11-01 17:15:08.536 [warning] [Decorations] CAPPING events from decorations provider vscode.git 788
2023-11-01 17:15:13.659 [warning] [Decorations] CAPPING events from decorations provider vscode.git 788
2023-11-01 17:15:18.794 [warning] [Decorations] CAPPING events from decorations provider vscode.git 788
2023-11-01 17:15:23.941 [warning] [Decorations] CAPPING events from decorations provider vscode.git 788
2023-11-01 17:15:29.185 [warning] [Decorations] CAPPING events from decorations provider vscode.git 788
2023-11-01 17:15:34.338 [warning] [Decorations] CAPPING events from decorations provider vscode.git 788
2023-11-01 17:15:39.469 [warning] [Decorations] CAPPING events from decorations provider vscode.git 788
2023-11-01 17:15:44.613 [warning] [Decorations] CAPPING events from decorations provider vscode.git 788
2023-11-01 17:15:49.745 [warning] [Decorations] CAPPING events from decorations provider vscode.git 788
2023-11-01 17:15:54.918 [warning] [Decorations] CAPPING events from decorations provider vscode.git 788
2023-11-01 17:16:00.204 [warning] [Decorations] CAPPING events from decorations provider vscode.git 788
2023-11-01 17:16:05.360 [warning] [Decorations] CAPPING events from decorations provider vscode.git 788
2023-11-01 17:16:10.535 [warning] [Decorations] CAPPING events from decorations provider vscode.git 788
2023-11-01 17:16:15.685 [warning] [Decorations] CAPPING events from decorations provider vscode.git 788
2023-11-01 17:16:20.821 [warning] [Decorations] CAPPING events from decorations provider vscode.git 788
2023-11-01 17:16:25.948 [warning] [Decorations] CAPPING events from decorations provider vscode.git 788
2023-11-01 17:16:31.298 [warning] [Decorations] CAPPING events from decorations provider vscode.git 788
2023-11-01 17:16:36.451 [warning] [Decorations] CAPPING events from decorations provider vscode.git 788
2023-11-01 17:16:41.905 [warning] [Decorations] CAPPING events from decorations provider vscode.git 788
2023-11-01 17:16:47.029 [warning] [Decorations] CAPPING events from decorations provider vscode.git 788
2023-11-01 17:16:52.170 [warning] [Decorations] CAPPING events from decorations provider vscode.git 788
2023-11-01 17:18:07.562 [warning] [Decorations] CAPPING events from decorations provider vscode.git 789
2023-11-01 17:18:12.997 [warning] [Decorations] CAPPING events from decorations provider vscode.git 789
2023-11-01 17:18:50.253 [warning] [Decorations] CAPPING events from decorations provider vscode.git 790
2023-11-01 17:18:55.797 [warning] [Decorations] CAPPING events from decorations provider vscode.git 790
2023-11-01 17:19:01.282 [warning] [Decorations] CAPPING events from decorations provider vscode.git 789
2023-11-01 17:19:06.564 [warning] [Decorations] CAPPING events from decorations provider vscode.git 789
2023-11-01 17:33:32.852 [warning] [Decorations] CAPPING events from decorations provider vscode.git 789
2023-11-01 17:33:38.974 [warning] [Decorations] CAPPING events from decorations provider vscode.git 789
2023-11-01 17:34:17.714 [warning] [Decorations] CAPPING events from decorations provider vscode.git 789
2023-11-01 17:34:22.893 [warning] [Decorations] CAPPING events from decorations provider vscode.git 789
2023-11-01 17:34:28.034 [warning] [Decorations] CAPPING events from decorations provider vscode.git 789
2023-11-01 17:34:33.280 [warning] [Decorations] CAPPING events from decorations provider vscode.git 789
2023-11-01 17:34:38.690 [warning] [Decorations] CAPPING events from decorations provider vscode.git 789
2023-11-01 17:34:44.005 [warning] [Decorations] CAPPING events from decorations provider vscode.git 789
2023-11-01 17:34:49.464 [warning] [Decorations] CAPPING events from decorations provider vscode.git 789
2023-11-01 17:34:54.948 [warning] [Decorations] CAPPING events from decorations provider vscode.git 789
2023-11-01 17:35:00.230 [warning] [Decorations] CAPPING events from decorations provider vscode.git 789
2023-11-01 17:35:11.828 [warning] [Decorations] CAPPING events from decorations provider vscode.git 789
2023-11-01 17:35:17.166 [warning] [Decorations] CAPPING events from decorations provider vscode.git 789
2023-11-01 17:35:22.377 [warning] [Decorations] CAPPING events from decorations provider vscode.git 789
2023-11-01 17:35:27.547 [warning] [Decorations] CAPPING events from decorations provider vscode.git 789
2023-11-01 17:35:32.813 [warning] [Decorations] CAPPING events from decorations provider vscode.git 789
2023-11-01 17:35:38.635 [warning] [Decorations] CAPPING events from decorations provider vscode.git 789
2023-11-01 17:35:43.827 [warning] [Decorations] CAPPING events from decorations provider vscode.git 789
2023-11-01 17:35:49.122 [warning] [Decorations] CAPPING events from decorations provider vscode.git 789
2023-11-01 17:35:54.255 [warning] [Decorations] CAPPING events from decorations provider vscode.git 789
2023-11-01 17:35:59.590 [warning] [Decorations] CAPPING events from decorations provider vscode.git 789
2023-11-01 17:36:04.729 [warning] [Decorations] CAPPING events from decorations provider vscode.git 789
2023-11-01 17:36:09.911 [warning] [Decorations] CAPPING events from decorations provider vscode.git 789
2023-11-01 17:36:15.085 [warning] [Decorations] CAPPING events from decorations provider vscode.git 789
2023-11-01 17:36:20.247 [warning] [Decorations] CAPPING events from decorations provider vscode.git 789
2023-11-01 17:36:25.402 [warning] [Decorations] CAPPING events from decorations provider vscode.git 789
2023-11-01 17:36:30.546 [warning] [Decorations] CAPPING events from decorations provider vscode.git 789
2023-11-01 17:36:35.692 [warning] [Decorations] CAPPING events from decorations provider vscode.git 789
2023-11-01 17:36:40.832 [warning] [Decorations] CAPPING events from decorations provider vscode.git 789
2023-11-01 17:36:45.956 [warning] [Decorations] CAPPING events from decorations provider vscode.git 789
2023-11-01 17:36:51.099 [warning] [Decorations] CAPPING events from decorations provider vscode.git 789
2023-11-01 17:36:56.256 [warning] [Decorations] CAPPING events from decorations provider vscode.git 789
2023-11-01 17:37:01.411 [warning] [Decorations] CAPPING events from decorations provider vscode.git 789
2023-11-01 17:37:06.720 [warning] [Decorations] CAPPING events from decorations provider vscode.git 789
2023-11-01 17:37:11.841 [warning] [Decorations] CAPPING events from decorations provider vscode.git 789
2023-11-01 17:37:17.010 [warning] [Decorations] CAPPING events from decorations provider vscode.git 789
2023-11-01 17:37:22.137 [warning] [Decorations] CAPPING events from decorations provider vscode.git 789
2023-11-01 17:37:27.287 [warning] [Decorations] CAPPING events from decorations provider vscode.git 789
2023-11-01 17:37:32.606 [warning] [Decorations] CAPPING events from decorations provider vscode.git 789
2023-11-01 17:37:37.769 [warning] [Decorations] CAPPING events from decorations provider vscode.git 789
2023-11-01 17:37:42.923 [warning] [Decorations] CAPPING events from decorations provider vscode.git 789
2023-11-01 17:37:48.084 [warning] [Decorations] CAPPING events from decorations provider vscode.git 789
2023-11-01 17:37:53.261 [warning] [Decorations] CAPPING events from decorations provider vscode.git 789
2023-11-01 17:37:58.398 [warning] [Decorations] CAPPING events from decorations provider vscode.git 789
2023-11-01 17:38:03.536 [warning] [Decorations] CAPPING events from decorations provider vscode.git 789
2023-11-01 17:38:08.691 [warning] [Decorations] CAPPING events from decorations provider vscode.git 789
2023-11-01 17:38:13.808 [warning] [Decorations] CAPPING events from decorations provider vscode.git 789
2023-11-01 17:38:18.974 [warning] [Decorations] CAPPING events from decorations provider vscode.git 789
2023-11-01 17:38:24.128 [warning] [Decorations] CAPPING events from decorations provider vscode.git 789
2023-11-01 17:38:29.318 [warning] [Decorations] CAPPING events from decorations provider vscode.git 789
2023-11-01 17:38:34.437 [warning] [Decorations] CAPPING events from decorations provider vscode.git 789
2023-11-01 17:38:39.561 [warning] [Decorations] CAPPING events from decorations provider vscode.git 789
2023-11-01 17:38:44.727 [warning] [Decorations] CAPPING events from decorations provider vscode.git 789
2023-11-01 17:38:49.881 [warning] [Decorations] CAPPING events from decorations provider vscode.git 789
2023-11-01 17:38:55.021 [warning] [Decorations] CAPPING events from decorations provider vscode.git 789
2023-11-01 17:39:00.189 [warning] [Decorations] CAPPING events from decorations provider vscode.git 789
2023-11-01 17:39:05.312 [warning] [Decorations] CAPPING events from decorations provider vscode.git 789
2023-11-01 17:39:10.448 [warning] [Decorations] CAPPING events from decorations provider vscode.git 789
2023-11-01 17:39:15.580 [warning] [Decorations] CAPPING events from decorations provider vscode.git 789
2023-11-01 17:39:20.728 [warning] [Decorations] CAPPING events from decorations provider vscode.git 789
2023-11-01 17:39:25.876 [warning] [Decorations] CAPPING events from decorations provider vscode.git 789
2023-11-01 17:39:31.117 [warning] [Decorations] CAPPING events from decorations provider vscode.git 789
2023-11-01 17:39:36.288 [warning] [Decorations] CAPPING events from decorations provider vscode.git 789
2023-11-01 17:39:41.540 [warning] [Decorations] CAPPING events from decorations provider vscode.git 789
2023-11-01 17:39:46.662 [warning] [Decorations] CAPPING events from decorations provider vscode.git 789
2023-11-01 17:39:51.807 [warning] [Decorations] CAPPING events from decorations provider vscode.git 789
2023-11-01 17:39:57.199 [warning] [Decorations] CAPPING events from decorations provider vscode.git 789
2023-11-01 17:40:02.529 [warning] [Decorations] CAPPING events from decorations provider vscode.git 789
2023-11-01 17:40:07.735 [warning] [Decorations] CAPPING events from decorations provider vscode.git 789
2023-11-01 17:40:12.901 [warning] [Decorations] CAPPING events from decorations provider vscode.git 789
2023-11-01 17:40:18.028 [warning] [Decorations] CAPPING events from decorations provider vscode.git 789
2023-11-01 17:40:23.194 [warning] [Decorations] CAPPING events from decorations provider vscode.git 789
2023-11-01 17:40:28.322 [warning] [Decorations] CAPPING events from decorations provider vscode.git 789
2023-11-01 17:40:33.476 [warning] [Decorations] CAPPING events from decorations provider vscode.git 789
2023-11-01 17:40:38.649 [warning] [Decorations] CAPPING events from decorations provider vscode.git 789
2023-11-01 17:40:43.844 [warning] [Decorations] CAPPING events from decorations provider vscode.git 789
2023-11-01 17:40:48.984 [warning] [Decorations] CAPPING events from decorations provider vscode.git 789
2023-11-01 17:40:54.100 [warning] [Decorations] CAPPING events from decorations provider vscode.git 789
2023-11-01 17:40:59.254 [warning] [Decorations] CAPPING events from decorations provider vscode.git 789
2023-11-01 17:41:04.368 [warning] [Decorations] CAPPING events from decorations provider vscode.git 789
2023-11-01 17:41:09.533 [warning] [Decorations] CAPPING events from decorations provider vscode.git 789
2023-11-01 17:41:14.670 [warning] [Decorations] CAPPING events from decorations provider vscode.git 789
2023-11-01 17:41:19.803 [warning] [Decorations] CAPPING events from decorations provider vscode.git 789
2023-11-01 17:41:24.970 [warning] [Decorations] CAPPING events from decorations provider vscode.git 789
2023-11-01 17:41:30.087 [warning] [Decorations] CAPPING events from decorations provider vscode.git 789
2023-11-01 17:41:35.246 [warning] [Decorations] CAPPING events from decorations provider vscode.git 789
2023-11-01 17:41:40.415 [warning] [Decorations] CAPPING events from decorations provider vscode.git 789
2023-11-01 17:41:45.583 [warning] [Decorations] CAPPING events from decorations provider vscode.git 789
2023-11-01 17:41:50.710 [warning] [Decorations] CAPPING events from decorations provider vscode.git 789
2023-11-01 17:41:55.857 [warning] [Decorations] CAPPING events from decorations provider vscode.git 789
2023-11-01 17:42:01.019 [warning] [Decorations] CAPPING events from decorations provider vscode.git 789
2023-11-01 17:42:06.194 [warning] [Decorations] CAPPING events from decorations provider vscode.git 789
2023-11-01 17:42:11.364 [warning] [Decorations] CAPPING events from decorations provider vscode.git 789
2023-11-01 17:42:16.541 [warning] [Decorations] CAPPING events from decorations provider vscode.git 789
2023-11-01 17:42:21.740 [warning] [Decorations] CAPPING events from decorations provider vscode.git 789
2023-11-01 17:42:26.901 [warning] [Decorations] CAPPING events from decorations provider vscode.git 789
2023-11-01 17:42:32.063 [warning] [Decorations] CAPPING events from decorations provider vscode.git 789
2023-11-01 17:42:37.591 [warning] [Decorations] CAPPING events from decorations provider vscode.git 789
2023-11-01 17:42:42.809 [warning] [Decorations] CAPPING events from decorations provider vscode.git 789
2023-11-01 17:42:47.954 [warning] [Decorations] CAPPING events from decorations provider vscode.git 789
2023-11-01 17:42:53.109 [warning] [Decorations] CAPPING events from decorations provider vscode.git 789
2023-11-01 17:42:58.320 [warning] [Decorations] CAPPING events from decorations provider vscode.git 789
2023-11-01 17:43:03.473 [warning] [Decorations] CAPPING events from decorations provider vscode.git 789
2023-11-01 17:43:08.690 [warning] [Decorations] CAPPING events from decorations provider vscode.git 789
2023-11-01 17:43:13.831 [warning] [Decorations] CAPPING events from decorations provider vscode.git 789
2023-11-01 17:43:18.982 [warning] [Decorations] CAPPING events from decorations provider vscode.git 789
2023-11-01 17:43:24.178 [warning] [Decorations] CAPPING events from decorations provider vscode.git 789
2023-11-01 17:43:29.313 [warning] [Decorations] CAPPING events from decorations provider vscode.git 789
2023-11-01 17:43:34.469 [warning] [Decorations] CAPPING events from decorations provider vscode.git 789
2023-11-01 17:43:39.608 [warning] [Decorations] CAPPING events from decorations provider vscode.git 789
2023-11-01 17:43:44.934 [warning] [Decorations] CAPPING events from decorations provider vscode.git 789
2023-11-01 17:43:50.132 [warning] [Decorations] CAPPING events from decorations provider vscode.git 789
2023-11-01 17:43:55.275 [warning] [Decorations] CAPPING events from decorations provider vscode.git 789
2023-11-01 17:44:00.428 [warning] [Decorations] CAPPING events from decorations provider vscode.git 789
2023-11-01 17:44:05.606 [warning] [Decorations] CAPPING events from decorations provider vscode.git 789
2023-11-01 17:44:10.757 [warning] [Decorations] CAPPING events from decorations provider vscode.git 789
2023-11-01 17:44:15.951 [warning] [Decorations] CAPPING events from decorations provider vscode.git 789
2023-11-01 17:44:21.201 [warning] [Decorations] CAPPING events from decorations provider vscode.git 789
2023-11-01 17:44:26.331 [warning] [Decorations] CAPPING events from decorations provider vscode.git 789
2023-11-01 17:44:31.742 [warning] [Decorations] CAPPING events from decorations provider vscode.git 789
2023-11-01 17:44:36.918 [warning] [Decorations] CAPPING events from decorations provider vscode.git 789
2023-11-01 17:44:42.124 [warning] [Decorations] CAPPING events from decorations provider vscode.git 789
2023-11-01 17:44:47.287 [warning] [Decorations] CAPPING events from decorations provider vscode.git 789
2023-11-01 17:44:52.467 [warning] [Decorations] CAPPING events from decorations provider vscode.git 789
2023-11-01 17:44:57.640 [warning] [Decorations] CAPPING events from decorations provider vscode.git 789
2023-11-01 17:45:02.834 [warning] [Decorations] CAPPING events from decorations provider vscode.git 789
2023-11-01 17:45:08.028 [warning] [Decorations] CAPPING events from decorations provider vscode.git 789
2023-11-01 17:45:13.256 [warning] [Decorations] CAPPING events from decorations provider vscode.git 789
2023-11-01 17:45:18.521 [warning] [Decorations] CAPPING events from decorations provider vscode.git 789
2023-11-01 17:45:23.647 [warning] [Decorations] CAPPING events from decorations provider vscode.git 789
2023-11-01 17:45:28.784 [warning] [Decorations] CAPPING events from decorations provider vscode.git 789
2023-11-01 17:45:33.906 [warning] [Decorations] CAPPING events from decorations provider vscode.git 789
2023-11-01 17:45:39.117 [warning] [Decorations] CAPPING events from decorations provider vscode.git 789
2023-11-01 17:45:44.347 [warning] [Decorations] CAPPING events from decorations provider vscode.git 789
2023-11-01 17:45:49.501 [warning] [Decorations] CAPPING events from decorations provider vscode.git 789
2023-11-01 17:45:54.645 [warning] [Decorations] CAPPING events from decorations provider vscode.git 789
2023-11-01 17:45:59.787 [warning] [Decorations] CAPPING events from decorations provider vscode.git 789
2023-11-01 17:46:04.918 [warning] [Decorations] CAPPING events from decorations provider vscode.git 789
2023-11-01 17:46:10.049 [warning] [Decorations] CAPPING events from decorations provider vscode.git 789
2023-11-01 17:46:15.220 [warning] [Decorations] CAPPING events from decorations provider vscode.git 789
2023-11-01 17:46:20.363 [warning] [Decorations] CAPPING events from decorations provider vscode.git 789
2023-11-01 17:46:25.528 [warning] [Decorations] CAPPING events from decorations provider vscode.git 789
2023-11-01 17:46:30.648 [warning] [Decorations] CAPPING events from decorations provider vscode.git 789
2023-11-01 17:46:35.784 [warning] [Decorations] CAPPING events from decorations provider vscode.git 789
2023-11-01 17:46:40.956 [warning] [Decorations] CAPPING events from decorations provider vscode.git 789
2023-11-01 17:46:46.081 [warning] [Decorations] CAPPING events from decorations provider vscode.git 789
2023-11-01 17:46:51.200 [warning] [Decorations] CAPPING events from decorations provider vscode.git 789
2023-11-01 17:46:56.330 [warning] [Decorations] CAPPING events from decorations provider vscode.git 789
2023-11-01 17:47:01.444 [warning] [Decorations] CAPPING events from decorations provider vscode.git 789
2023-11-01 17:47:06.672 [warning] [Decorations] CAPPING events from decorations provider vscode.git 789
2023-11-01 17:47:11.815 [warning] [Decorations] CAPPING events from decorations provider vscode.git 789
2023-11-01 17:47:16.939 [warning] [Decorations] CAPPING events from decorations provider vscode.git 789
2023-11-01 17:47:22.070 [warning] [Decorations] CAPPING events from decorations provider vscode.git 789
2023-11-01 17:47:27.215 [warning] [Decorations] CAPPING events from decorations provider vscode.git 789
2023-11-01 17:47:32.328 [warning] [Decorations] CAPPING events from decorations provider vscode.git 789
2023-11-01 17:47:37.464 [warning] [Decorations] CAPPING events from decorations provider vscode.git 789
2023-11-01 17:47:42.630 [warning] [Decorations] CAPPING events from decorations provider vscode.git 789
2023-11-01 17:47:47.787 [warning] [Decorations] CAPPING events from decorations provider vscode.git 789
2023-11-01 17:47:52.899 [warning] [Decorations] CAPPING events from decorations provider vscode.git 789
2023-11-01 17:47:58.056 [warning] [Decorations] CAPPING events from decorations provider vscode.git 789
2023-11-01 17:48:03.199 [warning] [Decorations] CAPPING events from decorations provider vscode.git 789
2023-11-01 17:48:08.329 [warning] [Decorations] CAPPING events from decorations provider vscode.git 789
2023-11-01 17:48:13.484 [warning] [Decorations] CAPPING events from decorations provider vscode.git 789
2023-11-01 17:48:18.644 [warning] [Decorations] CAPPING events from decorations provider vscode.git 789
2023-11-01 17:48:23.776 [warning] [Decorations] CAPPING events from decorations provider vscode.git 789
2023-11-01 17:48:28.891 [warning] [Decorations] CAPPING events from decorations provider vscode.git 789
2023-11-01 17:48:34.017 [warning] [Decorations] CAPPING events from decorations provider vscode.git 789
2023-11-01 17:48:39.171 [warning] [Decorations] CAPPING events from decorations provider vscode.git 789
2023-11-01 17:48:44.318 [warning] [Decorations] CAPPING events from decorations provider vscode.git 789
2023-11-01 17:48:49.457 [warning] [Decorations] CAPPING events from decorations provider vscode.git 789
2023-11-01 17:48:54.570 [warning] [Decorations] CAPPING events from decorations provider vscode.git 789
2023-11-01 17:48:59.709 [warning] [Decorations] CAPPING events from decorations provider vscode.git 789
2023-11-01 17:49:04.843 [warning] [Decorations] CAPPING events from decorations provider vscode.git 789
2023-11-01 17:49:10.015 [warning] [Decorations] CAPPING events from decorations provider vscode.git 789
2023-11-01 17:49:15.255 [warning] [Decorations] CAPPING events from decorations provider vscode.git 789
2023-11-01 17:49:20.387 [warning] [Decorations] CAPPING events from decorations provider vscode.git 789
2023-11-01 17:49:25.517 [warning] [Decorations] CAPPING events from decorations provider vscode.git 789
2023-11-01 17:49:30.649 [warning] [Decorations] CAPPING events from decorations provider vscode.git 789
2023-11-01 17:49:35.779 [warning] [Decorations] CAPPING events from decorations provider vscode.git 789
2023-11-01 17:49:41.020 [warning] [Decorations] CAPPING events from decorations provider vscode.git 789
2023-11-01 17:49:46.162 [warning] [Decorations] CAPPING events from decorations provider vscode.git 789
2023-11-01 17:49:51.329 [warning] [Decorations] CAPPING events from decorations provider vscode.git 789
2023-11-01 17:49:56.456 [warning] [Decorations] CAPPING events from decorations provider vscode.git 789
2023-11-01 17:50:01.603 [warning] [Decorations] CAPPING events from decorations provider vscode.git 789
2023-11-01 17:50:06.744 [warning] [Decorations] CAPPING events from decorations provider vscode.git 789
2023-11-01 17:50:11.875 [warning] [Decorations] CAPPING events from decorations provider vscode.git 789
2023-11-01 17:50:17.051 [warning] [Decorations] CAPPING events from decorations provider vscode.git 789
2023-11-01 17:50:22.215 [warning] [Decorations] CAPPING events from decorations provider vscode.git 789
2023-11-01 17:50:27.349 [warning] [Decorations] CAPPING events from decorations provider vscode.git 789
2023-11-01 17:50:32.581 [warning] [Decorations] CAPPING events from decorations provider vscode.git 789
2023-11-01 17:50:37.696 [warning] [Decorations] CAPPING events from decorations provider vscode.git 789
2023-11-01 17:50:42.837 [warning] [Decorations] CAPPING events from decorations provider vscode.git 789
2023-11-01 17:50:47.948 [warning] [Decorations] CAPPING events from decorations provider vscode.git 789
2023-11-01 17:50:53.199 [warning] [Decorations] CAPPING events from decorations provider vscode.git 789
2023-11-01 17:50:58.347 [warning] [Decorations] CAPPING events from decorations provider vscode.git 789
2023-11-01 17:51:03.472 [warning] [Decorations] CAPPING events from decorations provider vscode.git 789
2023-11-01 17:51:08.593 [warning] [Decorations] CAPPING events from decorations provider vscode.git 789
2023-11-01 17:51:13.753 [warning] [Decorations] CAPPING events from decorations provider vscode.git 789
2023-11-01 17:51:18.861 [warning] [Decorations] CAPPING events from decorations provider vscode.git 789
2023-11-01 17:51:24.047 [warning] [Decorations] CAPPING events from decorations provider vscode.git 789
2023-11-01 17:51:29.195 [warning] [Decorations] CAPPING events from decorations provider vscode.git 789
2023-11-01 17:51:34.337 [warning] [Decorations] CAPPING events from decorations provider vscode.git 789
2023-11-01 17:51:39.488 [warning] [Decorations] CAPPING events from decorations provider vscode.git 789
2023-11-01 17:51:44.617 [warning] [Decorations] CAPPING events from decorations provider vscode.git 789
2023-11-01 17:51:49.765 [warning] [Decorations] CAPPING events from decorations provider vscode.git 789
2023-11-01 17:51:54.894 [warning] [Decorations] CAPPING events from decorations provider vscode.git 789
2023-11-01 17:52:00.084 [warning] [Decorations] CAPPING events from decorations provider vscode.git 789
2023-11-01 17:52:05.433 [warning] [Decorations] CAPPING events from decorations provider vscode.git 789
2023-11-01 17:52:10.579 [warning] [Decorations] CAPPING events from decorations provider vscode.git 789
2023-11-01 17:52:15.721 [warning] [Decorations] CAPPING events from decorations provider vscode.git 789
2023-11-01 17:52:20.950 [warning] [Decorations] CAPPING events from decorations provider vscode.git 789
2023-11-01 17:52:26.089 [warning] [Decorations] CAPPING events from decorations provider vscode.git 789
2023-11-01 17:52:31.220 [warning] [Decorations] CAPPING events from decorations provider vscode.git 789
2023-11-01 17:52:36.362 [warning] [Decorations] CAPPING events from decorations provider vscode.git 789
2023-11-01 17:52:41.493 [warning] [Decorations] CAPPING events from decorations provider vscode.git 789
2023-11-01 17:52:46.620 [warning] [Decorations] CAPPING events from decorations provider vscode.git 789
2023-11-01 17:52:51.757 [warning] [Decorations] CAPPING events from decorations provider vscode.git 789
2023-11-01 17:52:56.912 [warning] [Decorations] CAPPING events from decorations provider vscode.git 789
2023-11-01 17:53:02.031 [warning] [Decorations] CAPPING events from decorations provider vscode.git 789
2023-11-01 17:53:07.156 [warning] [Decorations] CAPPING events from decorations provider vscode.git 789
2023-11-01 17:53:12.357 [warning] [Decorations] CAPPING events from decorations provider vscode.git 789
2023-11-01 17:53:17.502 [warning] [Decorations] CAPPING events from decorations provider vscode.git 789
2023-11-01 17:53:22.657 [warning] [Decorations] CAPPING events from decorations provider vscode.git 789
2023-11-01 17:53:27.797 [warning] [Decorations] CAPPING events from decorations provider vscode.git 789
2023-11-01 17:53:32.977 [warning] [Decorations] CAPPING events from decorations provider vscode.git 789
2023-11-01 17:53:38.106 [warning] [Decorations] CAPPING events from decorations provider vscode.git 789
2023-11-01 17:53:43.244 [warning] [Decorations] CAPPING events from decorations provider vscode.git 789
2023-11-01 17:53:48.361 [warning] [Decorations] CAPPING events from decorations provider vscode.git 789
2023-11-01 17:53:53.543 [warning] [Decorations] CAPPING events from decorations provider vscode.git 789
2023-11-01 18:50:02.350 [warning] [Decorations] CAPPING events from decorations provider vscode.git 789
2023-11-01 18:50:07.508 [warning] [Decorations] CAPPING events from decorations provider vscode.git 789
2023-11-01 18:50:12.662 [warning] [Decorations] CAPPING events from decorations provider vscode.git 789
2023-11-01 18:50:17.801 [warning] [Decorations] CAPPING events from decorations provider vscode.git 789
2023-11-01 18:50:22.924 [warning] [Decorations] CAPPING events from decorations provider vscode.git 789
2023-11-01 18:50:28.060 [warning] [Decorations] CAPPING events from decorations provider vscode.git 789
2023-11-01 18:50:33.190 [warning] [Decorations] CAPPING events from decorations provider vscode.git 789
2023-11-01 18:50:38.341 [warning] [Decorations] CAPPING events from decorations provider vscode.git 789
2023-11-01 18:50:43.452 [warning] [Decorations] CAPPING events from decorations provider vscode.git 789
2023-11-01 18:50:48.585 [warning] [Decorations] CAPPING events from decorations provider vscode.git 789
2023-11-01 18:50:53.729 [warning] [Decorations] CAPPING events from decorations provider vscode.git 789
2023-11-01 18:50:58.856 [warning] [Decorations] CAPPING events from decorations provider vscode.git 789
2023-11-01 18:51:03.980 [warning] [Decorations] CAPPING events from decorations provider vscode.git 789
2023-11-01 18:51:09.108 [warning] [Decorations] CAPPING events from decorations provider vscode.git 789
2023-11-01 18:51:14.286 [warning] [Decorations] CAPPING events from decorations provider vscode.git 789
2023-11-01 18:51:19.415 [warning] [Decorations] CAPPING events from decorations provider vscode.git 789
2023-11-01 18:51:24.557 [warning] [Decorations] CAPPING events from decorations provider vscode.git 789
2023-11-01 18:51:29.718 [warning] [Decorations] CAPPING events from decorations provider vscode.git 789
2023-11-01 18:51:34.853 [warning] [Decorations] CAPPING events from decorations provider vscode.git 789
2023-11-01 18:51:40.103 [warning] [Decorations] CAPPING events from decorations provider vscode.git 789
2023-11-01 18:51:45.241 [warning] [Decorations] CAPPING events from decorations provider vscode.git 789
2023-11-01 18:51:50.384 [warning] [Decorations] CAPPING events from decorations provider vscode.git 789
2023-11-01 18:51:55.632 [warning] [Decorations] CAPPING events from decorations provider vscode.git 789
2023-11-01 18:52:00.770 [warning] [Decorations] CAPPING events from decorations provider vscode.git 789
2023-11-01 18:52:05.919 [warning] [Decorations] CAPPING events from decorations provider vscode.git 789
2023-11-01 18:52:11.034 [warning] [Decorations] CAPPING events from decorations provider vscode.git 789
2023-11-01 18:52:16.185 [warning] [Decorations] CAPPING events from decorations provider vscode.git 789
2023-11-01 18:52:21.313 [warning] [Decorations] CAPPING events from decorations provider vscode.git 789
2023-11-01 18:52:26.459 [warning] [Decorations] CAPPING events from decorations provider vscode.git 789
2023-11-01 18:52:31.572 [warning] [Decorations] CAPPING events from decorations provider vscode.git 789
2023-11-01 18:52:36.719 [warning] [Decorations] CAPPING events from decorations provider vscode.git 789
2023-11-01 18:52:41.838 [warning] [Decorations] CAPPING events from decorations provider vscode.git 789
2023-11-01 18:52:47.001 [warning] [Decorations] CAPPING events from decorations provider vscode.git 789
2023-11-01 18:52:52.173 [warning] [Decorations] CAPPING events from decorations provider vscode.git 789
2023-11-01 18:52:57.295 [warning] [Decorations] CAPPING events from decorations provider vscode.git 789
2023-11-01 18:53:02.561 [warning] [Decorations] CAPPING events from decorations provider vscode.git 789
2023-11-01 18:53:07.727 [warning] [Decorations] CAPPING events from decorations provider vscode.git 789
2023-11-01 18:53:12.864 [warning] [Decorations] CAPPING events from decorations provider vscode.git 789
2023-11-01 18:53:17.984 [warning] [Decorations] CAPPING events from decorations provider vscode.git 789
2023-11-01 18:53:23.095 [warning] [Decorations] CAPPING events from decorations provider vscode.git 789
2023-11-01 18:53:28.230 [warning] [Decorations] CAPPING events from decorations provider vscode.git 789
2023-11-01 18:53:33.376 [warning] [Decorations] CAPPING events from decorations provider vscode.git 789
2023-11-01 18:53:38.507 [warning] [Decorations] CAPPING events from decorations provider vscode.git 789
2023-11-01 18:53:43.671 [warning] [Decorations] CAPPING events from decorations provider vscode.git 789
2023-11-01 18:53:48.791 [warning] [Decorations] CAPPING events from decorations provider vscode.git 789
2023-11-01 18:53:53.929 [warning] [Decorations] CAPPING events from decorations provider vscode.git 789
2023-11-01 18:53:59.188 [warning] [Decorations] CAPPING events from decorations provider vscode.git 789
2023-11-01 18:54:04.305 [warning] [Decorations] CAPPING events from decorations provider vscode.git 789
2023-11-01 18:54:09.433 [warning] [Decorations] CAPPING events from decorations provider vscode.git 789
2023-11-01 18:54:14.561 [warning] [Decorations] CAPPING events from decorations provider vscode.git 789
2023-11-01 18:54:19.726 [warning] [Decorations] CAPPING events from decorations provider vscode.git 789
2023-11-01 18:54:24.866 [warning] [Decorations] CAPPING events from decorations provider vscode.git 789
2023-11-01 18:54:30.013 [warning] [Decorations] CAPPING events from decorations provider vscode.git 789
2023-11-01 18:54:35.198 [warning] [Decorations] CAPPING events from decorations provider vscode.git 789
2023-11-01 18:54:40.381 [warning] [Decorations] CAPPING events from decorations provider vscode.git 789
2023-11-01 18:54:45.538 [warning] [Decorations] CAPPING events from decorations provider vscode.git 789
2023-11-01 18:54:50.695 [warning] [Decorations] CAPPING events from decorations provider vscode.git 789
