2023-08-09 10:51:40.047 [info] Added views:workbench.panel.markers.view in workbench.panel.markers
2023-08-09 10:51:40.047 [info] Added views:workbench.panel.output in workbench.panel.output
2023-08-09 10:51:40.047 [info] Added views:terminal in terminal
2023-08-09 10:51:40.048 [info] Added views:outline in workbench.view.explorer
2023-08-09 10:51:40.048 [info] Added views:workbench.scm in workbench.view.scm
2023-08-09 10:51:40.048 [info] Added views:workbench.view.search in workbench.view.search
2023-08-09 10:51:40.048 [info] Added views:timeline in workbench.view.explorer
2023-08-09 10:51:40.048 [info] Added views:workbench.explorer.emptyView in workbench.view.explorer
2023-08-09 10:51:40.088 [info] Added views:workbench.debug.variablesView,workbench.debug.watchExpressionsView,workbench.debug.callStackView,workbench.debug.breakPointsView in workbench.view.debug
2023-08-09 10:51:44.440 [info] Added views:makefile.outline in workbench.view.extension.makefile__viewContainer
2023-08-09 10:51:45.428 [info] Added views:workbench.panel.repl.view in workbench.panel.repl
2023-08-09 10:51:45.436 [info] Removed views:workbench.debug.breakPointsView,workbench.debug.callStackView,workbench.debug.watchExpressionsView,workbench.debug.variablesView from workbench.view.debug
2023-08-09 10:51:45.437 [info] Added views:workbench.debug.welcome in workbench.view.debug
2023-08-09 10:53:04.205 [info] Added views:workbench.panel.markers.view in workbench.panel.markers
2023-08-09 10:53:04.205 [info] Added views:workbench.panel.output in workbench.panel.output
2023-08-09 10:53:04.205 [info] Added views:terminal in terminal
2023-08-09 10:53:04.205 [info] Added views:outline in workbench.view.explorer
2023-08-09 10:53:04.205 [info] Added views:workbench.scm in workbench.view.scm
2023-08-09 10:53:04.205 [info] Added views:workbench.view.search in workbench.view.search
2023-08-09 10:53:04.205 [info] Added views:timeline in workbench.view.explorer
2023-08-09 10:53:04.205 [info] Added views:workbench.explorer.fileView in workbench.view.explorer
2023-08-09 10:53:06.980 [info] Added views:workbench.debug.variablesView,workbench.debug.watchExpressionsView,workbench.debug.callStackView,workbench.debug.breakPointsView in workbench.view.debug
2023-08-09 10:53:07.084 [info] Added views:workbench.panel.repl.view in workbench.panel.repl
2023-08-09 10:53:07.095 [info] Removed views:workbench.debug.breakPointsView,workbench.debug.callStackView,workbench.debug.watchExpressionsView,workbench.debug.variablesView from workbench.view.debug
2023-08-09 10:53:07.096 [info] Added views:workbench.debug.welcome in workbench.view.debug
2023-08-09 10:53:14.248 [info] Added views:makefile.outline in workbench.view.extension.makefile__viewContainer
